0.8165 	WARNING 	We strongly recommend you activate the PTB sound engine in PsychoPy prefs as the preferred audio engine. Its timing is vastly superior. Your prefs are currently set to use ['sounddevice', 'PTB', 'pyo', 'pygame'] (in that order).
7.8244 	WARNING 	Couldn't measure a consistent frame rate.
  - Is your graphics card set to sync to vertical blank?
  - Are you running other processes on your computer?

7.8259 	EXP 	Created window1 = Window(allowGUI=False, allowStencil=False, autoLog=True, backendConf=UNKNOWN, bitsMode=UNKNOWN, blendMode='avg', bpc=(8, 8, 8), color=array([0, 0, 0]), colorSpace='rgb', depthBits=8, fullscr=<method-wrapper '__getattribute__' of attributeSetter object at 0x7f8a11fa5ac8>, gamma=None, gammaErrorPolicy='raise', lms=UNKNOWN, monitor=<psychopy.monitors.calibTools.Monitor object at 0x7f8a10aeab70>, multiSample=False, name='window1', numSamples=2, pos=[360.0, 225.0], screen=0, size=array([2880, 1800]), stencilBits=0, stereo=False, units='pix', useFBO=True, useRetina=True, viewOri=0.0, viewPos=None, viewScale=None, waitBlanking=True, winType='pyglet')
7.8269 	EXP 	window1: mouseVisible = True
7.8271 	EXP 	window1: recordFrameIntervals = False
7.9285 	EXP 	window1: recordFrameIntervals = True
8.9076 	WARNING 	Couldn't measure a consistent frame rate.
  - Is your graphics card set to sync to vertical blank?
  - Are you running other processes on your computer?

11.7127 	EXP 	Created text = TextStim(__class__=<class 'psychopy.visual.text.TextStim'>, alignHoriz=method-wrapper(...), alignText='center', alignVert=method-wrapper(...), anchorHoriz='center', anchorVert='center', antialias=True, autoLog=True, bold=False, color=array([1., 1., 1.]), colorSpace='rgb', contrast=1.0, depth=0.0, flipHoriz=False, flipVert=False, font='Open Sans', fontFiles=[], height=24.0, italic=False, languageStyle='LTR', name='text', opacity=1, ori=0.0, pos=array([0., 0.]), rgb=UNKNOWN, text=str(...), units='pix', win=Window(...), wrapWidth=500)
12.2654 	EXP 	Created image = ImageStim(__class__=<class 'psychopy.visual.image.ImageStim'>, autoLog=True, color=array([1., 1., 1.]), colorSpace='rgb', contrast=1.0, depth=0.0, flipHoriz=False, flipVert=False, image='sin', interpolate=True, mask=None, maskParams=None, name='image', opacity=1, ori=0.0, pos=array([0., 0.]), size=array([500., 500.]), texRes=128.0, units='pix', win=Window(...))
12.2655 	EXP 	window1: mouseVisible = True
12.2667 	EXP 	Created text_2 = TextStim(__class__=<class 'psychopy.visual.text.TextStim'>, alignHoriz=method-wrapper(...), alignText='center', alignVert=method-wrapper(...), anchorHoriz='center', anchorVert='center', antialias=True, autoLog=True, bold=False, color=array([1., 1., 1.]), colorSpace='rgb', contrast=1.0, depth=0.0, flipHoriz=False, flipVert=False, font='Open Sans', fontFiles=[], height=1.0, italic=False, languageStyle='LTR', name='text_2', opacity=1, ori=0.0, pos=array([0., 0.]), rgb=UNKNOWN, text='', units='pix', win=Window(...), wrapWidth=500)
12.2784 	WARNING 	t of last frame was 3371.22ms (=1/0)
12.2784 	EXP 	text: autoDraw = True
12.6009 	EXP 	Imported no_quotes.xlsx as conditions, 31 conditions, 1 params
12.6064 	EXP 	Created sequence: random, trialTypes=31, nReps=1, seed=None
12.6069 	EXP 	New trial (rep=0, index=0): {'stimulus': 'stimuli copy/jordan-graff-87111nn8z_w-unsplash.jpeg'}
12.8705 	DATA 	Keypress: space
12.8776 	WARNING 	t of last frame was 298.34ms (=1/3)
12.8776 	EXP 	text: autoDraw = False
12.8776 	EXP 	image: image = 'stimuli copy/jordan-graff-87111nn8z_w-unsplash.jpeg'
12.8776 	EXP 	image: autoDraw = True
13.4971 	WARNING 	t of last frame was 41.46ms (=1/24)
13.5958 	WARNING 	t of last frame was 22.82ms (=1/43)
13.8915 	DATA 	Mouse: Left button down, pos=(720,553)
13.9036 	EXP 	image: autoDraw = False
13.9036 	EXP 	text_2: autoDraw = True
14.0596 	DATA 	Mouse:  Left button up, pos=(720,553)
14.2893 	WARNING 	Multiple dropped frames have occurred - I'll stop bothering you about them!
15.3908 	EXP 	New trial (rep=0, index=1): {'stimulus': 'stimuli copy/jack-b-JYZYRF0j_Uc-unsplash.jpeg'}
15.7060 	EXP 	text_2: autoDraw = False
15.7060 	EXP 	text_2: autoDraw = False
15.7060 	EXP 	image: image = 'stimuli copy/jack-b-JYZYRF0j_Uc-unsplash.jpeg'
15.7060 	EXP 	image: autoDraw = True
16.1578 	DATA 	Mouse: Left button down, pos=(362,460)
16.2917 	DATA 	Mouse:  Left button up, pos=(362,460)
17.4152 	DATA 	Mouse: Left button down, pos=(490,137)
17.5241 	DATA 	Mouse:  Left button up, pos=(490,137)
18.5068 	DATA 	Mouse: Left button down, pos=(727,375)
18.5161 	EXP 	image: autoDraw = False
18.5161 	EXP 	text_2: autoDraw = True
18.6596 	DATA 	Mouse:  Left button up, pos=(727,375)
20.0079 	EXP 	New trial (rep=0, index=2): {'stimulus': 'stimuli copy/jake-remy-QBAMncfwXr8-unsplash.jpeg'}
20.4683 	EXP 	text_2: autoDraw = False
20.4683 	EXP 	text_2: autoDraw = False
20.4683 	EXP 	image: image = 'stimuli copy/jake-remy-QBAMncfwXr8-unsplash.jpeg'
20.4683 	EXP 	image: autoDraw = True
20.4852 	DATA 	Keypress: escape
20.7224 	EXP 	window1: mouseVisible = True
