1.6607 	WARNING 	We strongly recommend you activate the PTB sound engine in PsychoPy prefs as the preferred audio engine. Its timing is vastly superior. Your prefs are currently set to use ['sounddevice', 'PTB', 'pyo', 'pygame'] (in that order).
9.5914 	EXP 	Created window1 = Window(allowGUI=False, allowStencil=False, autoLog=True, backendConf=UNKNOWN, bitsMode=UNKNOWN, blendMode='avg', bpc=(8, 8, 8), color=array([0, 0, 0]), colorSpace='rgb', depthBits=8, fullscr=<method-wrapper '__getattribute__' of attributeSetter object at 0x7f7c0cca4b00>, gamma=None, gammaErrorPolicy='raise', lms=UNKNOWN, monitor=<psychopy.monitors.calibTools.Monitor object at 0x7f7c6cbdf5f8>, multiSample=False, name='window1', numSamples=2, pos=[360.0, 225.0], screen=0, size=array([2880, 1800]), stencilBits=0, stereo=False, units='pix', useFBO=True, useRetina=True, viewOri=0.0, viewPos=None, viewScale=None, waitBlanking=True, winType='pyglet')
9.5917 	EXP 	window1: mouseVisible = True
9.5918 	EXP 	window1: recordFrameIntervals = False
9.6736 	EXP 	window1: recordFrameIntervals = True
9.6910 	WARNING 	t of last frame was 12.66ms (=1/79)
9.7075 	WARNING 	t of last frame was 10.71ms (=1/93)
9.7246 	WARNING 	t of last frame was 17.12ms (=1/58)
9.7412 	WARNING 	t of last frame was 16.64ms (=1/60)
9.7577 	WARNING 	Multiple dropped frames have occurred - I'll stop bothering you about them!
9.8755 	EXP 	window1: recordFrameIntervals = False
12.0756 	EXP 	Created text = TextStim(__class__=<class 'psychopy.visual.text.TextStim'>, alignHoriz=method-wrapper(...), alignText='center', alignVert=method-wrapper(...), anchorHoriz='center', anchorVert='center', antialias=True, autoLog=True, bold=False, color=array([1., 1., 1.]), colorSpace='rgb', contrast=1.0, depth=0.0, flipHoriz=False, flipVert=False, font='Open Sans', fontFiles=[], height=0.05, italic=False, languageStyle='LTR', name='text', opacity=1, ori=0.0, pos=array([0., 0.]), rgb=UNKNOWN, text=str(...), units='pix', win=Window(...), wrapWidth=500)
12.5830 	EXP 	Created image = ImageStim(__class__=<class 'psychopy.visual.image.ImageStim'>, autoLog=True, color=array([1., 1., 1.]), colorSpace='rgb', contrast=1.0, depth=0.0, flipHoriz=False, flipVert=False, image='sin', interpolate=True, mask=None, maskParams=None, name='image', opacity=1, ori=0.0, pos=array([0., 0.]), size=array([0.5, 0.5]), texRes=128.0, units='pix', win=Window(...))
12.5832 	EXP 	window1: mouseVisible = True
12.5959 	EXP 	text: autoDraw = True
13.3079 	EXP 	Imported no_quotes.xlsx as conditions, 31 conditions, 1 params
13.3139 	EXP 	Created sequence: random, trialTypes=31, nReps=1, seed=None
13.3142 	EXP 	New trial (rep=0, index=0): {'stimulus': 'stimuli copy/anthony-intraversato-xr43RescWSA-unsplash.jpeg'}
13.6495 	DATA 	Keypress: j
13.6592 	EXP 	text: autoDraw = False
13.6592 	EXP 	image: image = 'stimuli copy/anthony-intraversato-xr43RescWSA-unsplash.jpeg'
13.6592 	EXP 	image: autoDraw = True
15.4602 	DATA 	Mouse: Left button down, pos=(690,458)
15.4682 	EXP 	New trial (rep=0, index=1): {'stimulus': 'stimuli copy/dave-hoefler-oi65oz2xNag-unsplash.jpeg'}
15.7940 	DATA 	Mouse:  Left button up, pos=(690,458)
15.8005 	EXP 	image: autoDraw = False
15.8005 	EXP 	image: image = 'stimuli copy/dave-hoefler-oi65oz2xNag-unsplash.jpeg'
15.8005 	EXP 	image: autoDraw = True
17.6093 	DATA 	Mouse: Left button down, pos=(723,458)
17.6197 	EXP 	New trial (rep=0, index=2): {'stimulus': 'stimuli copy/mathew-schwartz-3z56aMRpjJ0-unsplash.jpeg'}
17.7793 	DATA 	Mouse:  Left button up, pos=(723,458)
17.7845 	EXP 	image: autoDraw = False
17.7845 	EXP 	image: image = 'stimuli copy/mathew-schwartz-3z56aMRpjJ0-unsplash.jpeg'
17.7845 	EXP 	image: autoDraw = True
19.1260 	DATA 	Mouse: wheel shift=(0,0), pos=(626,472)
19.1422 	DATA 	Mouse: wheel shift=(0,0), pos=(626,472)
20.1430 	DATA 	Mouse: Left button down, pos=(1105,532)
20.1522 	EXP 	New trial (rep=0, index=3): {'stimulus': 'stimuli copy/darya-sev-QRdX9dO8poY-unsplash.jpeg'}
20.2901 	DATA 	Mouse:  Left button up, pos=(1105,532)
20.2952 	EXP 	image: autoDraw = False
20.2952 	EXP 	image: image = 'stimuli copy/darya-sev-QRdX9dO8poY-unsplash.jpeg'
20.2952 	EXP 	image: autoDraw = True
20.8086 	DATA 	Mouse: Left button down, pos=(726,364)
20.8168 	EXP 	New trial (rep=0, index=4): {'stimulus': 'stimuli copy/long-truong-vRepMA0VQ54-unsplash.jpeg'}
21.1299 	DATA 	Mouse:  Left button up, pos=(726,364)
21.1366 	EXP 	image: autoDraw = False
21.1366 	EXP 	image: image = 'stimuli copy/long-truong-vRepMA0VQ54-unsplash.jpeg'
21.1366 	EXP 	image: autoDraw = True
21.2583 	DATA 	Mouse: Left button down, pos=(722,471)
21.2649 	EXP 	New trial (rep=0, index=5): {'stimulus': 'stimuli copy/daniela-cuevas-t7YycgAoVSw-unsplash.jpeg'}
21.5895 	DATA 	Mouse:  Left button up, pos=(722,471)
21.5955 	EXP 	image: autoDraw = False
21.5955 	EXP 	image: image = 'stimuli copy/daniela-cuevas-t7YycgAoVSw-unsplash.jpeg'
21.5955 	EXP 	image: autoDraw = True
21.6609 	DATA 	Keypress: escape
21.7944 	EXP 	window1: mouseVisible = True
