1.2159 	WARNING 	We strongly recommend you activate the PTB sound engine in PsychoPy prefs as the preferred audio engine. Its timing is vastly superior. Your prefs are currently set to use ['sounddevice', 'PTB', 'pyo', 'pygame'] (in that order).
8.6418 	WARNING 	Couldn't measure a consistent frame rate.
  - Is your graphics card set to sync to vertical blank?
  - Are you running other processes on your computer?

8.6446 	EXP 	Created window1 = Window(allowGUI=False, allowStencil=False, autoLog=True, backendConf=UNKNOWN, bitsMode=UNKNOWN, blendMode='avg', bpc=(8, 8, 8), color=array([0, 0, 0]), colorSpace='rgb', depthBits=8, fullscr=<method-wrapper '__getattribute__' of attributeSetter object at 0x7f8aa5fe2b38>, gamma=None, gammaErrorPolicy='raise', lms=UNKNOWN, monitor=<psychopy.monitors.calibTools.Monitor object at 0x7f8aa5d9f5f8>, multiSample=False, name='window1', numSamples=2, pos=[360.0, 225.0], screen=0, size=array([2880, 1800]), stencilBits=0, stereo=False, units='pix', useFBO=True, useRetina=True, viewOri=0.0, viewPos=None, viewScale=None, waitBlanking=True, winType='pyglet')
8.6457 	EXP 	window1: mouseVisible = True
8.6460 	EXP 	window1: recordFrameIntervals = False
8.7297 	EXP 	window1: recordFrameIntervals = True
9.1433 	WARNING 	t of last frame was 25.68ms (=1/38)
9.7413 	WARNING 	Couldn't measure a consistent frame rate.
  - Is your graphics card set to sync to vertical blank?
  - Are you running other processes on your computer?

12.2754 	EXP 	Created text = TextStim(__class__=<class 'psychopy.visual.text.TextStim'>, alignHoriz=method-wrapper(...), alignText='center', alignVert=method-wrapper(...), anchorHoriz='center', anchorVert='center', antialias=True, autoLog=True, bold=False, color=array([1., 1., 1.]), colorSpace='rgb', contrast=1.0, depth=0.0, flipHoriz=False, flipVert=False, font='Open Sans', fontFiles=[], height=0.05, italic=False, languageStyle='LTR', name='text', opacity=1, ori=0.0, pos=array([0., 0.]), rgb=UNKNOWN, text=str(...), units='pix', win=Window(...), wrapWidth=500)
12.8034 	EXP 	Created image = ImageStim(__class__=<class 'psychopy.visual.image.ImageStim'>, autoLog=True, color=array([1., 1., 1.]), colorSpace='rgb', contrast=1.0, depth=0.0, flipHoriz=False, flipVert=False, image='sin', interpolate=True, mask=None, maskParams=None, name='image', opacity=1, ori=0.0, pos=array([0., 0.]), size=array([1000., 1000.]), texRes=128.0, units='pix', win=Window(...))
12.8048 	EXP 	window1: mouseVisible = True
12.8531 	WARNING 	t of last frame was 3112.15ms (=1/0)
12.8531 	EXP 	text: autoDraw = True
13.8488 	EXP 	Imported no_quotes.xlsx as conditions, 31 conditions, 1 params
13.8528 	EXP 	Created sequence: random, trialTypes=31, nReps=1, seed=None
13.8532 	EXP 	New trial (rep=0, index=0): {'stimulus': 'stimuli copy/jake-remy-QBAMncfwXr8-unsplash.jpeg'}
14.3215 	DATA 	Keypress: j
14.3326 	WARNING 	t of last frame was 498.42ms (=1/2)
14.3326 	EXP 	text: autoDraw = False
14.3326 	EXP 	image: image = 'stimuli copy/jake-remy-QBAMncfwXr8-unsplash.jpeg'
14.3326 	EXP 	image: autoDraw = True
15.0407 	WARNING 	t of last frame was 22.58ms (=1/44)
15.1407 	WARNING 	Multiple dropped frames have occurred - I'll stop bothering you about them!
15.3907 	DATA 	Mouse: Left button down, pos=(740,513)
15.4049 	EXP 	New trial (rep=0, index=1): {'stimulus': 'stimuli copy/marek-mucha-PfmNfCXcrdw-unsplash.jpeg'}
15.7054 	DATA 	Mouse:  Left button up, pos=(740,513)
15.7188 	EXP 	image: autoDraw = False
15.7188 	EXP 	image: image = 'stimuli copy/marek-mucha-PfmNfCXcrdw-unsplash.jpeg'
15.7188 	EXP 	image: autoDraw = True
16.4427 	DATA 	Mouse: Left button down, pos=(863,550)
16.4458 	EXP 	New trial (rep=0, index=2): {'stimulus': 'stimuli copy/gritt-zheng-K88BVN6yMrU-unsplash.jpeg'}
16.9160 	DATA 	Mouse:  Left button up, pos=(863,550)
16.9244 	EXP 	image: autoDraw = False
16.9244 	EXP 	image: image = 'stimuli copy/gritt-zheng-K88BVN6yMrU-unsplash.jpeg'
16.9244 	EXP 	image: autoDraw = True
17.7331 	DATA 	Mouse: Left button down, pos=(1078,284)
17.7367 	EXP 	New trial (rep=0, index=3): {'stimulus': 'stimuli copy/jack-b-JYZYRF0j_Uc-unsplash.jpeg'}
18.0063 	DATA 	Mouse:  Left button up, pos=(1078,284)
18.0137 	EXP 	image: autoDraw = False
18.0137 	EXP 	image: image = 'stimuli copy/jack-b-JYZYRF0j_Uc-unsplash.jpeg'
18.0137 	EXP 	image: autoDraw = True
19.1316 	DATA 	Mouse: Left button down, pos=(725,504)
19.1350 	EXP 	New trial (rep=0, index=4): {'stimulus': 'stimuli copy/jordan-graff-87111nn8z_w-unsplash.jpeg'}
19.3216 	DATA 	Mouse:  Left button up, pos=(725,504)
19.3297 	EXP 	image: autoDraw = False
19.3297 	EXP 	image: image = 'stimuli copy/jordan-graff-87111nn8z_w-unsplash.jpeg'
19.3297 	EXP 	image: autoDraw = True
22.2114 	DATA 	Mouse: Left button down, pos=(725,504)
22.2145 	EXP 	New trial (rep=0, index=5): {'stimulus': 'stimuli copy/library-of-congress-VFTxZaIsDAs-unsplash.jpeg'}
22.5488 	DATA 	Mouse:  Left button up, pos=(725,504)
22.5571 	EXP 	image: autoDraw = False
22.5571 	EXP 	image: image = 'stimuli copy/library-of-congress-VFTxZaIsDAs-unsplash.jpeg'
22.5571 	EXP 	image: autoDraw = True
23.2658 	DATA 	Keypress: escape
23.3998 	EXP 	window1: mouseVisible = True
