1.2562 	WARNING 	We strongly recommend you activate the PTB sound engine in PsychoPy prefs as the preferred audio engine. Its timing is vastly superior. Your prefs are currently set to use ['sounddevice', 'PTB', 'pyo', 'pygame'] (in that order).
8.0994 	WARNING 	Couldn't measure a consistent frame rate.
  - Is your graphics card set to sync to vertical blank?
  - Are you running other processes on your computer?

8.1041 	EXP 	Created window1 = Window(allowGUI=False, allowStencil=False, autoLog=True, backendConf=UNKNOWN, bitsMode=UNKNOWN, blendMode='avg', bpc=(8, 8, 8), color=array([0, 0, 0]), colorSpace='rgb', depthBits=8, fullscr=<method-wrapper '__getattribute__' of attributeSetter object at 0x7fbdaebfca90>, gamma=None, gammaErrorPolicy='raise', lms=UNKNOWN, monitor=<psychopy.monitors.calibTools.Monitor object at 0x7fbdaeb6cb38>, multiSample=False, name='window1', numSamples=2, pos=[360.0, 225.0], screen=0, size=array([2880, 1800]), stencilBits=0, stereo=False, units='pix', useFBO=True, useRetina=True, viewOri=0.0, viewPos=None, viewScale=None, waitBlanking=True, winType='pyglet')
8.1047 	EXP 	window1: mouseVisible = True
8.1047 	EXP 	window1: recordFrameIntervals = False
8.1871 	EXP 	window1: recordFrameIntervals = True
9.1047 	WARNING 	Couldn't measure a consistent frame rate.
  - Is your graphics card set to sync to vertical blank?
  - Are you running other processes on your computer?

11.5173 	EXP 	Created text = TextStim(__class__=<class 'psychopy.visual.text.TextStim'>, alignHoriz=method-wrapper(...), alignText='center', alignVert=method-wrapper(...), anchorHoriz='center', anchorVert='center', antialias=True, autoLog=True, bold=False, color=array([1., 1., 1.]), colorSpace='rgb', contrast=1.0, depth=0.0, flipHoriz=False, flipVert=False, font='Open Sans', fontFiles=[], height=24.0, italic=False, languageStyle='LTR', name='text', opacity=1, ori=0.0, pos=array([0., 0.]), rgb=UNKNOWN, text=str(...), units='pix', win=Window(...), wrapWidth=500)
12.0369 	EXP 	Created image = ImageStim(__class__=<class 'psychopy.visual.image.ImageStim'>, autoLog=True, color=array([1., 1., 1.]), colorSpace='rgb', contrast=1.0, depth=0.0, flipHoriz=False, flipVert=False, image='sin', interpolate=True, mask=None, maskParams=None, name='image', opacity=1, ori=0.0, pos=array([0., 0.]), size=array([500., 500.]), texRes=128.0, units='pix', win=Window(...))
12.0371 	EXP 	window1: mouseVisible = True
12.0384 	EXP 	Created text_2 = TextStim(__class__=<class 'psychopy.visual.text.TextStim'>, alignHoriz=method-wrapper(...), alignText='center', alignVert=method-wrapper(...), anchorHoriz='center', anchorVert='center', antialias=True, autoLog=True, bold=False, color=array([1., 1., 1.]), colorSpace='rgb', contrast=1.0, depth=0.0, flipHoriz=False, flipVert=False, font='Open Sans', fontFiles=[], height=1.0, italic=False, languageStyle='LTR', name='text_2', opacity=1, ori=0.0, pos=array([0., 0.]), rgb=UNKNOWN, text='', units='pix', win=Window(...), wrapWidth=500)
12.0521 	WARNING 	t of last frame was 2947.75ms (=1/0)
12.0521 	EXP 	text: autoDraw = True
12.0821 	WARNING 	t of last frame was 20.17ms (=1/49)
12.6499 	EXP 	Imported no_quotes.xlsx as conditions, 31 conditions, 1 params
12.6539 	EXP 	Created sequence: random, trialTypes=31, nReps=1, seed=None
12.6541 	EXP 	New trial (rep=0, index=0): {'stimulus': 'stimuli copy/jordan-graff-87111nn8z_w-unsplash.jpeg'}
12.9015 	DATA 	Keypress: j
12.9388 	DATA 	Keypress: j
12.9458 	WARNING 	t of last frame was 307.40ms (=1/3)
12.9458 	EXP 	text: autoDraw = False
12.9458 	EXP 	image: image = 'stimuli copy/jordan-graff-87111nn8z_w-unsplash.jpeg'
12.9458 	EXP 	image: autoDraw = True
14.0023 	DATA 	Mouse: Left button down, pos=(728,538)
14.0184 	EXP 	image: autoDraw = False
14.0184 	EXP 	text_2: autoDraw = True
14.1191 	DATA 	Mouse:  Left button up, pos=(728,538)
15.5057 	EXP 	New trial (rep=0, index=1): {'stimulus': 'stimuli copy/mathew-schwartz-3z56aMRpjJ0-unsplash.jpeg'}
15.6738 	WARNING 	t of last frame was 168.76ms (=1/5)
15.6738 	EXP 	text_2: autoDraw = False
15.6738 	EXP 	text_2: autoDraw = False
15.6738 	EXP 	image: image = 'stimuli copy/mathew-schwartz-3z56aMRpjJ0-unsplash.jpeg'
15.6738 	EXP 	image: autoDraw = True
16.5331 	WARNING 	Multiple dropped frames have occurred - I'll stop bothering you about them!
16.8187 	DATA 	Mouse: Left button down, pos=(725,545)
16.8399 	EXP 	image: autoDraw = False
16.8399 	EXP 	text_2: autoDraw = True
16.9201 	DATA 	Mouse:  Left button up, pos=(725,545)
17.5626 	DATA 	Keypress: escape
17.6765 	EXP 	window1: mouseVisible = True
