1.2744 	WARNING 	We strongly recommend you activate the PTB sound engine in PsychoPy prefs as the preferred audio engine. Its timing is vastly superior. Your prefs are currently set to use ['sounddevice', 'PTB', 'pyo', 'pygame'] (in that order).
8.9478 	WARNING 	Couldn't measure a consistent frame rate.
  - Is your graphics card set to sync to vertical blank?
  - Are you running other processes on your computer?

8.9521 	EXP 	Created window1 = Window(allowGUI=False, allowStencil=False, autoLog=True, backendConf=UNKNOWN, bitsMode=UNKNOWN, blendMode='avg', bpc=(8, 8, 8), color=array([0, 0, 0]), colorSpace='rgb', depthBits=8, fullscr=<method-wrapper '__getattribute__' of attributeSetter object at 0x7fa47c8a4b00>, gamma=None, gammaErrorPolicy='raise', lms=UNKNOWN, monitor=<psychopy.monitors.calibTools.Monitor object at 0x7fa47c312978>, multiSample=False, name='window1', numSamples=2, pos=[360.0, 225.0], screen=0, size=array([2880, 1800]), stencilBits=0, stereo=False, units='height', useFBO=True, useRetina=True, viewOri=0.0, viewPos=None, viewScale=None, waitBlanking=True, winType='pyglet')
8.9529 	EXP 	window1: mouseVisible = True
8.9531 	EXP 	window1: recordFrameIntervals = False
9.0532 	EXP 	window1: recordFrameIntervals = True
9.9309 	WARNING 	Couldn't measure a consistent frame rate.
  - Is your graphics card set to sync to vertical blank?
  - Are you running other processes on your computer?

12.1067 	EXP 	Created text = TextStim(__class__=<class 'psychopy.visual.text.TextStim'>, alignHoriz=method-wrapper(...), alignText='center', alignVert=method-wrapper(...), anchorHoriz='center', anchorVert='center', antialias=True, autoLog=True, bold=False, color=array([1., 1., 1.]), colorSpace='rgb', contrast=1.0, depth=0.0, flipHoriz=False, flipVert=False, font='Open Sans', fontFiles=[], height=0.05, italic=False, languageStyle='LTR', name='text', opacity=1, ori=0.0, pos=array([0., 0.]), rgb=UNKNOWN, text=str(...), units='height', win=Window(...), wrapWidth=1)
12.6239 	EXP 	Created image = ImageStim(__class__=<class 'psychopy.visual.image.ImageStim'>, autoLog=True, color=array([1., 1., 1.]), colorSpace='rgb', contrast=1.0, depth=0.0, flipHoriz=False, flipVert=False, image='sin', interpolate=True, mask=None, maskParams=None, name='image', opacity=1, ori=0.0, pos=array([0., 0.]), size=array([200., 200.]), texRes=128.0, units='pix', win=Window(...))
12.6240 	EXP 	window1: mouseVisible = True
12.6372 	WARNING 	t of last frame was 2706.61ms (=1/0)
12.6372 	EXP 	text: autoDraw = True
12.9835 	EXP 	Imported no_quotes.xlsx as conditions, 31 conditions, 1 params
12.9884 	EXP 	Created sequence: random, trialTypes=31, nReps=1, seed=None
12.9887 	EXP 	New trial (rep=0, index=0): {'stimulus': 'stimuli copy/marek-mucha-PfmNfCXcrdw-unsplash.jpeg'}
13.3485 	DATA 	Keypress: j
13.3665 	WARNING 	t of last frame was 402.57ms (=1/2)
13.3665 	EXP 	text: autoDraw = False
13.3665 	EXP 	image: image = 'stimuli copy/marek-mucha-PfmNfCXcrdw-unsplash.jpeg'
13.3665 	EXP 	image: autoDraw = True
14.5169 	DATA 	Mouse: Left button down, pos=(747,469)
14.5278 	EXP 	New trial (rep=0, index=1): {'stimulus': 'stimuli copy/jordan-graff-87111nn8z_w-unsplash.jpeg'}
14.7364 	DATA 	Mouse:  Left button up, pos=(747,469)
14.7414 	WARNING 	t of last frame was 218.51ms (=1/4)
14.7414 	EXP 	image: autoDraw = False
14.7414 	EXP 	image: image = 'stimuli copy/jordan-graff-87111nn8z_w-unsplash.jpeg'
14.7414 	EXP 	image: autoDraw = True
15.6503 	DATA 	Mouse: Left button down, pos=(720,474)
15.6585 	EXP 	New trial (rep=0, index=2): {'stimulus': 'stimuli copy/alexandre-chambon-ADqQgiStp4c-unsplash.jpeg'}
15.9219 	DATA 	Mouse:  Left button up, pos=(720,474)
15.9275 	WARNING 	t of last frame was 271.91ms (=1/3)
15.9275 	EXP 	image: autoDraw = False
15.9275 	EXP 	image: image = 'stimuli copy/alexandre-chambon-ADqQgiStp4c-unsplash.jpeg'
15.9275 	EXP 	image: autoDraw = True
17.5154 	DATA 	Mouse: Left button down, pos=(737,491)
17.5197 	EXP 	New trial (rep=0, index=3): {'stimulus': 'stimuli copy/jared-rice-WbOn78k-ywU-unsplash.jpeg'}
17.8453 	DATA 	Mouse:  Left button up, pos=(737,491)
17.8503 	WARNING 	Multiple dropped frames have occurred - I'll stop bothering you about them!
17.8503 	EXP 	image: autoDraw = False
17.8503 	EXP 	image: image = 'stimuli copy/jared-rice-WbOn78k-ywU-unsplash.jpeg'
17.8503 	EXP 	image: autoDraw = True
19.3170 	DATA 	Mouse: Left button down, pos=(720,411)
19.3275 	EXP 	New trial (rep=0, index=4): {'stimulus': 'stimuli copy/michel-kimkongrath-EWpsHYyDL34-unsplash.jpeg'}
19.6341 	DATA 	Mouse:  Left button up, pos=(720,411)
19.6397 	EXP 	image: autoDraw = False
19.6397 	EXP 	image: image = 'stimuli copy/michel-kimkongrath-EWpsHYyDL34-unsplash.jpeg'
19.6397 	EXP 	image: autoDraw = True
20.7319 	DATA 	Mouse: Left button down, pos=(720,437)
20.7359 	EXP 	New trial (rep=0, index=5): {'stimulus': 'stimuli copy/mathew-schwartz-3z56aMRpjJ0-unsplash.jpeg'}
20.8849 	EXP 	image: autoDraw = False
20.8849 	EXP 	image: image = 'stimuli copy/mathew-schwartz-3z56aMRpjJ0-unsplash.jpeg'
20.8849 	EXP 	image: autoDraw = True
20.9014 	DATA 	Mouse:  Left button up, pos=(720,437)
22.5158 	DATA 	Mouse: Left button down, pos=(723,485)
22.5215 	EXP 	New trial (rep=0, index=6): {'stimulus': 'stimuli copy/darya-sev-QRdX9dO8poY-unsplash.jpeg'}
22.6661 	DATA 	Mouse:  Left button up, pos=(723,485)
22.6713 	EXP 	image: autoDraw = False
22.6713 	EXP 	image: image = 'stimuli copy/darya-sev-QRdX9dO8poY-unsplash.jpeg'
22.6713 	EXP 	image: autoDraw = True
24.4147 	DATA 	Mouse: Left button down, pos=(685,468)
24.4177 	EXP 	New trial (rep=0, index=7): {'stimulus': 'stimuli copy/ryan-wu-9R5FnAn5tYM-unsplash.jpeg'}
24.5772 	EXP 	image: autoDraw = False
24.5772 	EXP 	image: image = 'stimuli copy/ryan-wu-9R5FnAn5tYM-unsplash.jpeg'
24.5772 	EXP 	image: autoDraw = True
24.6183 	DATA 	Mouse:  Left button up, pos=(685,468)
26.1882 	DATA 	Keypress: escape
26.4215 	EXP 	window1: mouseVisible = True
