1.3011 	WARNING 	We strongly recommend you activate the PTB sound engine in PsychoPy prefs as the preferred audio engine. Its timing is vastly superior. Your prefs are currently set to use ['sounddevice', 'PTB', 'pyo', 'pygame'] (in that order).
8.8192 	EXP 	Created window1 = Window(allowGUI=False, allowStencil=False, autoLog=True, backendConf=UNKNOWN, bitsMode=UNKNOWN, blendMode='avg', bpc=(8, 8, 8), color=array([0, 0, 0]), colorSpace='rgb', depthBits=8, fullscr=<method-wrapper '__getattribute__' of attributeSetter object at 0x7ff6780a4a90>, gamma=None, gammaErrorPolicy='raise', lms=UNKNOWN, monitor=<psychopy.monitors.calibTools.Monitor object at 0x7ff6cfe8db38>, multiSample=False, name='window1', numSamples=2, pos=[360.0, 225.0], screen=0, size=array([2880, 1800]), stencilBits=0, stereo=False, units='pix', useFBO=True, useRetina=True, viewOri=0.0, viewPos=None, viewScale=None, waitBlanking=True, winType='pyglet')
8.8208 	EXP 	window1: mouseVisible = True
8.8211 	EXP 	window1: recordFrameIntervals = False
8.9026 	EXP 	window1: recordFrameIntervals = True
9.0823 	EXP 	window1: recordFrameIntervals = False
11.2968 	EXP 	Created text = TextStim(__class__=<class 'psychopy.visual.text.TextStim'>, alignHoriz=method-wrapper(...), alignText='center', alignVert=method-wrapper(...), anchorHoriz='center', anchorVert='center', antialias=True, autoLog=True, bold=False, color=array([1., 1., 1.]), colorSpace='rgb', contrast=1.0, depth=0.0, flipHoriz=False, flipVert=False, font='Open Sans', fontFiles=[], height=1.0, italic=False, languageStyle='LTR', name='text', opacity=1, ori=0.0, pos=array([0., 0.]), rgb=UNKNOWN, text=str(...), units='pix', win=Window(...), wrapWidth=500)
11.8041 	EXP 	Created image = ImageStim(__class__=<class 'psychopy.visual.image.ImageStim'>, autoLog=True, color=array([1., 1., 1.]), colorSpace='rgb', contrast=1.0, depth=0.0, flipHoriz=False, flipVert=False, image='sin', interpolate=True, mask=None, maskParams=None, name='image', opacity=1, ori=0.0, pos=array([0., 0.]), size=array([0.5, 0.5]), texRes=128.0, units='pix', win=Window(...))
11.8043 	EXP 	window1: mouseVisible = True
11.8055 	EXP 	Created text_2 = TextStim(__class__=<class 'psychopy.visual.text.TextStim'>, alignHoriz=method-wrapper(...), alignText='center', alignVert=method-wrapper(...), anchorHoriz='center', anchorVert='center', antialias=True, autoLog=True, bold=False, color=array([1., 1., 1.]), colorSpace='rgb', contrast=1.0, depth=0.0, flipHoriz=False, flipVert=False, font='Open Sans', fontFiles=[], height=0.1, italic=False, languageStyle='LTR', name='text_2', opacity=1, ori=0.0, pos=array([0., 0.]), rgb=UNKNOWN, text='', units='pix', win=Window(...), wrapWidth=500)
11.8402 	EXP 	text: autoDraw = True
12.0098 	EXP 	Imported no_quotes.xlsx as conditions, 31 conditions, 1 params
12.0423 	EXP 	Created sequence: random, trialTypes=31, nReps=1, seed=None
12.0426 	EXP 	New trial (rep=0, index=0): {'stimulus': 'stimuli copy/marek-mucha-PfmNfCXcrdw-unsplash.jpeg'}
12.4459 	DATA 	Keypress: j
12.5124 	DATA 	Keypress: j
12.5187 	EXP 	text: autoDraw = False
12.5187 	EXP 	image: image = 'stimuli copy/marek-mucha-PfmNfCXcrdw-unsplash.jpeg'
12.5187 	EXP 	image: autoDraw = True
16.9979 	EXP 	image: autoDraw = False
16.9979 	EXP 	text_2: autoDraw = True
17.2069 	DATA 	Keypress: escape
17.2791 	EXP 	window1: mouseVisible = True
