1.1979 	WARNING 	We strongly recommend you activate the PTB sound engine in PsychoPy prefs as the preferred audio engine. Its timing is vastly superior. Your prefs are currently set to use ['sounddevice', 'PTB', 'pyo', 'pygame'] (in that order).
9.5004 	EXP 	Created window1 = Window(allowGUI=False, allowStencil=False, autoLog=True, backendConf=UNKNOWN, bitsMode=UNKNOWN, blendMode='avg', bpc=(8, 8, 8), color=array([0, 0, 0]), colorSpace='rgb', depthBits=8, fullscr=<method-wrapper '__getattribute__' of attributeSetter object at 0x7ff6c4160a90>, gamma=None, gammaErrorPolicy='raise', lms=UNKNOWN, monitor=<psychopy.monitors.calibTools.Monitor object at 0x7ff6d411e7f0>, multiSample=False, name='window1', numSamples=2, pos=[360.0, 225.0], screen=0, size=array([2880, 1800]), stencilBits=0, stereo=False, units='pix', useFBO=True, useRetina=True, viewOri=0.0, viewPos=None, viewScale=None, waitBlanking=True, winType='pyglet')
9.5008 	EXP 	window1: mouseVisible = True
9.5008 	EXP 	window1: recordFrameIntervals = False
9.5873 	EXP 	window1: recordFrameIntervals = True
10.4482 	WARNING 	Couldn't measure a consistent frame rate.
  - Is your graphics card set to sync to vertical blank?
  - Are you running other processes on your computer?

12.5264 	EXP 	Created text = TextStim(__class__=<class 'psychopy.visual.text.TextStim'>, alignHoriz=method-wrapper(...), alignText='center', alignVert=method-wrapper(...), anchorHoriz='center', anchorVert='center', antialias=True, autoLog=True, bold=False, color=array([1., 1., 1.]), colorSpace='rgb', contrast=1.0, depth=0.0, flipHoriz=False, flipVert=False, font='Open Sans', fontFiles=[], height=0.05, italic=False, languageStyle='LTR', name='text', opacity=1, ori=0.0, pos=array([0., 0.]), rgb=UNKNOWN, text=str(...), units='pix', win=Window(...), wrapWidth=500)
13.0326 	EXP 	Created image = ImageStim(__class__=<class 'psychopy.visual.image.ImageStim'>, autoLog=True, color=array([1., 1., 1.]), colorSpace='rgb', contrast=1.0, depth=0.0, flipHoriz=False, flipVert=False, image='sin', interpolate=True, mask=None, maskParams=None, name='image', opacity=1, ori=0.0, pos=array([0., 0.]), size=array([0.5, 0.5]), texRes=128.0, units='pix', win=Window(...))
13.0327 	EXP 	window1: mouseVisible = True
13.0461 	WARNING 	t of last frame was 2598.28ms (=1/0)
13.0461 	EXP 	text: autoDraw = True
13.7001 	EXP 	Imported no_quotes.xlsx as conditions, 31 conditions, 1 params
13.7045 	EXP 	Created sequence: random, trialTypes=31, nReps=1, seed=None
13.7047 	EXP 	New trial (rep=0, index=0): {'stimulus': 'stimuli copy/arjun-kapoor-Om3JbZp3CCo-unsplash.jpeg'}
13.9494 	DATA 	Keypress: j
13.9567 	WARNING 	t of last frame was 270.10ms (=1/3)
13.9567 	EXP 	text: autoDraw = False
13.9567 	EXP 	image: image = 'stimuli copy/arjun-kapoor-Om3JbZp3CCo-unsplash.jpeg'
13.9567 	EXP 	image: autoDraw = True
15.2331 	DATA 	Mouse: Left button down, pos=(725,438)
15.2415 	EXP 	New trial (rep=0, index=1): {'stimulus': 'stimuli copy/daniela-cuevas-t7YycgAoVSw-unsplash.jpeg'}
15.6030 	DATA 	Mouse:  Left button up, pos=(725,438)
15.6082 	WARNING 	t of last frame was 369.67ms (=1/2)
15.6082 	EXP 	image: autoDraw = False
15.6082 	EXP 	image: image = 'stimuli copy/daniela-cuevas-t7YycgAoVSw-unsplash.jpeg'
15.6082 	EXP 	image: autoDraw = True
16.3507 	DATA 	Mouse: Left button down, pos=(697,464)
16.3611 	EXP 	New trial (rep=0, index=2): {'stimulus': 'stimuli copy/long-truong-vRepMA0VQ54-unsplash.jpeg'}
16.6506 	DATA 	Mouse:  Left button up, pos=(697,464)
16.6564 	WARNING 	t of last frame was 298.88ms (=1/3)
16.6564 	EXP 	image: autoDraw = False
16.6564 	EXP 	image: image = 'stimuli copy/long-truong-vRepMA0VQ54-unsplash.jpeg'
16.6564 	EXP 	image: autoDraw = True
16.9474 	WARNING 	Multiple dropped frames have occurred - I'll stop bothering you about them!
17.1729 	DATA 	Keypress: escape
17.3467 	EXP 	window1: mouseVisible = True
