2.2257 	WARNING 	We strongly recommend you activate the PTB sound engine in PsychoPy prefs as the preferred audio engine. Its timing is vastly superior. Your prefs are currently set to use ['sounddevice', 'PTB', 'pyo', 'pygame'] (in that order).
11.3042 	WARNING 	Couldn't measure a consistent frame rate.
  - Is your graphics card set to sync to vertical blank?
  - Are you running other processes on your computer?

11.3075 	EXP 	Created window1 = Window(allowGUI=False, allowStencil=False, autoLog=True, backendConf=UNKNOWN, bitsMode=UNKNOWN, blendMode='avg', bpc=(8, 8, 8), color=array([0, 0, 0]), colorSpace='rgb', depthBits=8, fullscr=<method-wrapper '__getattribute__' of attributeSetter object at 0x7fc30a5d2ac8>, gamma=None, gammaErrorPolicy='raise', lms=UNKNOWN, monitor=<psychopy.monitors.calibTools.Monitor object at 0x7fc31baa9940>, multiSample=False, name='window1', numSamples=2, pos=[360.0, 225.0], screen=0, size=array([2880, 1800]), stencilBits=0, stereo=False, units='pix', useFBO=True, useRetina=True, viewOri=0.0, viewPos=None, viewScale=None, waitBlanking=True, winType='pyglet')
11.3085 	EXP 	window1: mouseVisible = True
11.3088 	EXP 	window1: recordFrameIntervals = False
11.4139 	EXP 	window1: recordFrameIntervals = True
12.2645 	WARNING 	Couldn't measure a consistent frame rate.
  - Is your graphics card set to sync to vertical blank?
  - Are you running other processes on your computer?

14.4181 	EXP 	Created text = TextStim(__class__=<class 'psychopy.visual.text.TextStim'>, alignHoriz=method-wrapper(...), alignText='center', alignVert=method-wrapper(...), anchorHoriz='center', anchorVert='center', antialias=True, autoLog=True, bold=False, color=array([1., 1., 1.]), colorSpace='rgb', contrast=1.0, depth=0.0, flipHoriz=False, flipVert=False, font='Open Sans', fontFiles=[], height=0.05, italic=False, languageStyle='LTR', name='text', opacity=1, ori=0.0, pos=array([0., 0.]), rgb=UNKNOWN, text=str(...), units='pix', win=Window(...), wrapWidth=500)
14.9237 	EXP 	Created image = ImageStim(__class__=<class 'psychopy.visual.image.ImageStim'>, autoLog=True, color=array([1., 1., 1.]), colorSpace='rgb', contrast=1.0, depth=0.0, flipHoriz=False, flipVert=False, image='sin', interpolate=True, mask=None, maskParams=None, name='image', opacity=1, ori=0.0, pos=array([112., 112.]), size=array([224., 224.]), texRes=128.0, units='pix', win=Window(...))
14.9238 	EXP 	window1: mouseVisible = True
14.9356 	WARNING 	t of last frame was 2671.44ms (=1/0)
14.9356 	EXP 	text: autoDraw = True
15.7256 	EXP 	Imported no_quotes.xlsx as conditions, 31 conditions, 1 params
15.7309 	EXP 	Created sequence: random, trialTypes=31, nReps=1, seed=None
15.7312 	EXP 	New trial (rep=0, index=0): {'stimulus': 'stimuli copy/mwangi-gatheca-hvvNY6b8pE0-unsplash.jpeg'}
15.9266 	DATA 	Keypress: j
15.9347 	WARNING 	t of last frame was 221.60ms (=1/4)
15.9347 	EXP 	text: autoDraw = False
15.9347 	EXP 	image: image = 'stimuli copy/mwangi-gatheca-hvvNY6b8pE0-unsplash.jpeg'
15.9347 	EXP 	image: autoDraw = True
17.3165 	DATA 	Mouse: Left button down, pos=(813,602)
17.3262 	EXP 	New trial (rep=0, index=1): {'stimulus': 'stimuli copy/alexandre-chambon-ADqQgiStp4c-unsplash.jpeg'}
17.6296 	DATA 	Mouse:  Left button up, pos=(813,602)
17.6354 	WARNING 	t of last frame was 312.75ms (=1/3)
17.6354 	EXP 	image: autoDraw = False
17.6354 	EXP 	image: image = 'stimuli copy/alexandre-chambon-ADqQgiStp4c-unsplash.jpeg'
17.6354 	EXP 	image: autoDraw = True
18.8471 	WARNING 	t of last frame was 23.58ms (=1/42)
19.1828 	DATA 	Mouse: Left button down, pos=(891,616)
19.1913 	EXP 	New trial (rep=0, index=2): {'stimulus': 'stimuli copy/natalya-letunova-eCfCIwtKdsg-unsplash.jpeg'}
19.6385 	DATA 	Mouse:  Left button up, pos=(891,616)
19.6451 	WARNING 	Multiple dropped frames have occurred - I'll stop bothering you about them!
19.6450 	EXP 	image: autoDraw = False
19.6450 	EXP 	image: image = 'stimuli copy/natalya-letunova-eCfCIwtKdsg-unsplash.jpeg'
19.6450 	EXP 	image: autoDraw = True
20.8817 	DATA 	Mouse: Left button down, pos=(822,632)
20.8926 	EXP 	New trial (rep=0, index=3): {'stimulus': 'stimuli copy/jared-rice-WbOn78k-ywU-unsplash.jpeg'}
21.3991 	DATA 	Mouse:  Left button up, pos=(822,632)
21.4038 	EXP 	image: autoDraw = False
21.4038 	EXP 	image: image = 'stimuli copy/jared-rice-WbOn78k-ywU-unsplash.jpeg'
21.4038 	EXP 	image: autoDraw = True
22.6327 	DATA 	Mouse: Left button down, pos=(831,523)
22.6369 	EXP 	New trial (rep=0, index=4): {'stimulus': 'stimuli copy/eberhard-grossgasteiger-fTlXjG24mQ0-unsplash.jpeg'}
22.9470 	DATA 	Mouse:  Left button up, pos=(831,523)
22.9522 	EXP 	image: autoDraw = False
22.9522 	EXP 	image: image = 'stimuli copy/eberhard-grossgasteiger-fTlXjG24mQ0-unsplash.jpeg'
22.9522 	EXP 	image: autoDraw = True
24.8496 	DATA 	Mouse: Left button down, pos=(813,525)
24.8591 	EXP 	New trial (rep=0, index=5): {'stimulus': 'stimuli copy/dave-hoefler-oi65oz2xNag-unsplash.jpeg'}
25.1917 	DATA 	Mouse:  Left button up, pos=(812,525)
25.1969 	EXP 	image: autoDraw = False
25.1969 	EXP 	image: image = 'stimuli copy/dave-hoefler-oi65oz2xNag-unsplash.jpeg'
25.1969 	EXP 	image: autoDraw = True
26.9655 	DATA 	Mouse: Left button down, pos=(829,553)
26.9699 	EXP 	New trial (rep=0, index=6): {'stimulus': 'stimuli copy/long-truong-vRepMA0VQ54-unsplash.jpeg'}
27.2434 	DATA 	Mouse:  Left button up, pos=(829,553)
27.2482 	EXP 	image: autoDraw = False
27.2482 	EXP 	image: image = 'stimuli copy/long-truong-vRepMA0VQ54-unsplash.jpeg'
27.2482 	EXP 	image: autoDraw = True
28.2155 	DATA 	Mouse: Left button down, pos=(833,562)
28.2243 	EXP 	New trial (rep=0, index=7): {'stimulus': 'stimuli copy/anthony-intraversato-xr43RescWSA-unsplash.jpeg'}
28.5051 	DATA 	Mouse:  Left button up, pos=(833,562)
28.5102 	EXP 	image: autoDraw = False
28.5102 	EXP 	image: image = 'stimuli copy/anthony-intraversato-xr43RescWSA-unsplash.jpeg'
28.5102 	EXP 	image: autoDraw = True
29.7165 	DATA 	Mouse: Left button down, pos=(876,579)
29.7196 	EXP 	New trial (rep=0, index=8): {'stimulus': 'stimuli copy/marek-mucha-PfmNfCXcrdw-unsplash.jpeg'}
30.0081 	DATA 	Mouse:  Left button up, pos=(876,579)
30.0144 	EXP 	image: autoDraw = False
30.0144 	EXP 	image: image = 'stimuli copy/marek-mucha-PfmNfCXcrdw-unsplash.jpeg'
30.0144 	EXP 	image: autoDraw = True
31.1510 	DATA 	Mouse: Left button down, pos=(863,584)
31.1629 	EXP 	New trial (rep=0, index=9): {'stimulus': 'stimuli copy/chris-leipelt-fqoHScXjiW4-unsplash.jpeg'}
31.4375 	DATA 	Mouse:  Left button up, pos=(863,584)
31.4430 	EXP 	image: autoDraw = False
31.4430 	EXP 	image: image = 'stimuli copy/chris-leipelt-fqoHScXjiW4-unsplash.jpeg'
31.4430 	EXP 	image: autoDraw = True
32.1056 	DATA 	Keypress: escape
32.1973 	EXP 	window1: mouseVisible = True
