1.3004 	WARNING 	We strongly recommend you activate the PTB sound engine in PsychoPy prefs as the preferred audio engine. Its timing is vastly superior. Your prefs are currently set to use ['sounddevice', 'PTB', 'pyo', 'pygame'] (in that order).
9.6957 	WARNING 	Couldn't measure a consistent frame rate.
  - Is your graphics card set to sync to vertical blank?
  - Are you running other processes on your computer?

9.6971 	EXP 	Created window1 = Window(allowGUI=False, allowStencil=False, autoLog=True, backendConf=UNKNOWN, bitsMode=UNKNOWN, blendMode='avg', bpc=(8, 8, 8), color=array([0, 0, 0]), colorSpace='rgb', depthBits=8, fullscr=<method-wrapper '__getattribute__' of attributeSetter object at 0x7fbe09e45ac8>, gamma=None, gammaErrorPolicy='raise', lms=UNKNOWN, monitor=<psychopy.monitors.calibTools.Monitor object at 0x7fbe09237780>, multiSample=False, name='window1', numSamples=2, pos=[360.0, 225.0], screen=0, size=array([2880, 1800]), stencilBits=0, stereo=False, units='pix', useFBO=True, useRetina=True, viewOri=0.0, viewPos=None, viewScale=None, waitBlanking=True, winType='pyglet')
9.6978 	EXP 	window1: mouseVisible = True
9.6980 	EXP 	window1: recordFrameIntervals = False
9.7783 	EXP 	window1: recordFrameIntervals = True
10.6340 	WARNING 	Couldn't measure a consistent frame rate.
  - Is your graphics card set to sync to vertical blank?
  - Are you running other processes on your computer?

13.6277 	EXP 	Created text = TextStim(__class__=<class 'psychopy.visual.text.TextStim'>, alignHoriz=method-wrapper(...), alignText='center', alignVert=method-wrapper(...), anchorHoriz='center', anchorVert='center', antialias=True, autoLog=True, bold=False, color=array([1., 1., 1.]), colorSpace='rgb', contrast=1.0, depth=0.0, flipHoriz=False, flipVert=False, font='Open Sans', fontFiles=[], height=24.0, italic=False, languageStyle='LTR', name='text', opacity=1, ori=0.0, pos=array([0., 0.]), rgb=UNKNOWN, text=str(...), units='pix', win=Window(...), wrapWidth=500)
14.2021 	EXP 	Created image = ImageStim(__class__=<class 'psychopy.visual.image.ImageStim'>, autoLog=True, color=array([1., 1., 1.]), colorSpace='rgb', contrast=1.0, depth=0.0, flipHoriz=False, flipVert=False, image='sin', interpolate=True, mask=None, maskParams=None, name='image', opacity=1, ori=0.0, pos=array([0., 0.]), size=array([500., 500.]), texRes=128.0, units='pix', win=Window(...))
14.2023 	EXP 	window1: mouseVisible = True
14.2035 	EXP 	Created text_2 = TextStim(__class__=<class 'psychopy.visual.text.TextStim'>, alignHoriz=method-wrapper(...), alignText='center', alignVert=method-wrapper(...), anchorHoriz='center', anchorVert='center', antialias=True, autoLog=True, bold=False, color=array([1., 1., 1.]), colorSpace='rgb', contrast=1.0, depth=0.0, flipHoriz=False, flipVert=False, font='Open Sans', fontFiles=[], height=1.0, italic=False, languageStyle='LTR', name='text_2', opacity=1, ori=0.0, pos=array([0., 0.]), rgb=UNKNOWN, text='', units='pix', win=Window(...), wrapWidth=500)
14.2218 	WARNING 	t of last frame was 3588.21ms (=1/0)
14.2218 	EXP 	text: autoDraw = True
15.0325 	DATA 	Mouse: Left button down, pos=(721,375)
15.1143 	DATA 	Mouse:  Left button up, pos=(721,375)
15.8047 	EXP 	Imported no_quotes.xlsx as conditions, 31 conditions, 1 params
15.8090 	EXP 	Created sequence: random, trialTypes=31, nReps=1, seed=None
15.8096 	EXP 	New trial (rep=0, index=0): {'stimulus': 'stimuli copy/darya-sev-QRdX9dO8poY-unsplash.jpeg'}
15.9786 	DATA 	Keypress: space
15.9928 	WARNING 	t of last frame was 214.78ms (=1/4)
15.9928 	EXP 	text: autoDraw = False
15.9928 	EXP 	image: image = 'stimuli copy/darya-sev-QRdX9dO8poY-unsplash.jpeg'
15.9928 	EXP 	image: autoDraw = True
17.4960 	DATA 	Mouse: Left button down, pos=(1114,459)
17.5068 	EXP 	image: autoDraw = False
17.5068 	EXP 	text_2: autoDraw = True
17.6968 	DATA 	Mouse:  Left button up, pos=(1114,459)
18.9953 	EXP 	New trial (rep=0, index=1): {'stimulus': 'stimuli copy/aaron-burden-xNsoHwvoHnY-unsplash.jpeg'}
19.3151 	WARNING 	t of last frame was 320.45ms (=1/3)
19.3151 	EXP 	text_2: autoDraw = False
19.3151 	EXP 	text_2: autoDraw = False
19.3151 	EXP 	image: image = 'stimuli copy/aaron-burden-xNsoHwvoHnY-unsplash.jpeg'
19.3151 	EXP 	image: autoDraw = True
20.0679 	WARNING 	t of last frame was 24.32ms (=1/41)
20.1811 	WARNING 	Multiple dropped frames have occurred - I'll stop bothering you about them!
20.5981 	DATA 	Mouse: Left button down, pos=(251,430)
20.6134 	EXP 	image: autoDraw = False
20.6134 	EXP 	text_2: autoDraw = True
20.7312 	DATA 	Mouse:  Left button up, pos=(251,430)
22.1022 	EXP 	New trial (rep=0, index=2): {'stimulus': 'stimuli copy/arjun-kapoor-Om3JbZp3CCo-unsplash.jpeg'}
22.3587 	EXP 	text_2: autoDraw = False
22.3587 	EXP 	text_2: autoDraw = False
22.3587 	EXP 	image: image = 'stimuli copy/arjun-kapoor-Om3JbZp3CCo-unsplash.jpeg'
22.3587 	EXP 	image: autoDraw = True
23.2146 	DATA 	Mouse: Left button down, pos=(762,448)
23.2279 	EXP 	image: autoDraw = False
23.2279 	EXP 	text_2: autoDraw = True
23.3501 	DATA 	Mouse:  Left button up, pos=(762,448)
24.7127 	EXP 	New trial (rep=0, index=3): {'stimulus': 'stimuli copy/dave-hoefler-oi65oz2xNag-unsplash.jpeg'}
25.0359 	EXP 	text_2: autoDraw = False
25.0359 	EXP 	text_2: autoDraw = False
25.0359 	EXP 	image: image = 'stimuli copy/dave-hoefler-oi65oz2xNag-unsplash.jpeg'
25.0359 	EXP 	image: autoDraw = True
25.7706 	DATA 	Mouse: Left button down, pos=(703,430)
25.7814 	EXP 	image: autoDraw = False
25.7814 	EXP 	text_2: autoDraw = True
25.9310 	DATA 	Mouse:  Left button up, pos=(703,430)
27.2695 	EXP 	New trial (rep=0, index=4): {'stimulus': 'stimuli copy/diego-ph-xW42e724p00-unsplash.jpeg'}
27.6085 	EXP 	text_2: autoDraw = False
27.6085 	EXP 	text_2: autoDraw = False
27.6085 	EXP 	image: image = 'stimuli copy/diego-ph-xW42e724p00-unsplash.jpeg'
27.6085 	EXP 	image: autoDraw = True
28.1130 	DATA 	Mouse: Left button down, pos=(437,132)
28.1221 	EXP 	image: autoDraw = False
28.1221 	EXP 	text_2: autoDraw = True
28.2817 	DATA 	Mouse:  Left button up, pos=(437,132)
29.6124 	EXP 	New trial (rep=0, index=5): {'stimulus': 'stimuli copy/natalya-letunova-eCfCIwtKdsg-unsplash.jpeg'}
30.0726 	EXP 	text_2: autoDraw = False
30.0726 	EXP 	text_2: autoDraw = False
30.0726 	EXP 	image: image = 'stimuli copy/natalya-letunova-eCfCIwtKdsg-unsplash.jpeg'
30.0726 	EXP 	image: autoDraw = True
30.7637 	DATA 	Mouse: Left button down, pos=(83,71)
30.7724 	EXP 	image: autoDraw = False
30.7724 	EXP 	text_2: autoDraw = True
30.9470 	DATA 	Mouse:  Left button up, pos=(83,71)
32.0667 	DATA 	Keypress: escape
32.3288 	EXP 	window1: mouseVisible = True
