1.3181 	WARNING 	We strongly recommend you activate the PTB sound engine in PsychoPy prefs as the preferred audio engine. Its timing is vastly superior. Your prefs are currently set to use ['sounddevice', 'PTB', 'pyo', 'pygame'] (in that order).
9.7360 	WARNING 	Couldn't measure a consistent frame rate.
  - Is your graphics card set to sync to vertical blank?
  - Are you running other processes on your computer?

9.7390 	EXP 	Created window1 = Window(allowGUI=False, allowStencil=False, autoLog=True, backendConf=UNKNOWN, bitsMode=UNKNOWN, blendMode='avg', bpc=(8, 8, 8), color=array([0, 0, 0]), colorSpace='rgb', depthBits=8, fullscr=<method-wrapper '__getattribute__' of attributeSetter object at 0x7f83a4410a90>, gamma=None, gammaErrorPolicy='raise', lms=UNKNOWN, monitor=<psychopy.monitors.calibTools.Monitor object at 0x7f83c2e9e7b8>, multiSample=False, name='window1', numSamples=2, pos=[360.0, 225.0], screen=0, size=array([2880, 1800]), stencilBits=0, stereo=False, units='pix', useFBO=True, useRetina=True, viewOri=0.0, viewPos=None, viewScale=None, waitBlanking=True, winType='pyglet')
9.7417 	EXP 	window1: mouseVisible = True
9.7436 	EXP 	window1: recordFrameIntervals = False
9.8526 	EXP 	window1: recordFrameIntervals = True
10.2365 	EXP 	window1: recordFrameIntervals = True
12.4948 	EXP 	Created text = TextStim(__class__=<class 'psychopy.visual.text.TextStim'>, alignHoriz=method-wrapper(...), alignText='center', alignVert=method-wrapper(...), anchorHoriz='center', anchorVert='center', antialias=True, autoLog=True, bold=False, color=array([1., 1., 1.]), colorSpace='rgb', contrast=1.0, depth=0.0, flipHoriz=False, flipVert=False, font='Open Sans', fontFiles=[], height=0.05, italic=False, languageStyle='LTR', name='text', opacity=1, ori=0.0, pos=array([0., 0.]), rgb=UNKNOWN, text=str(...), units='pix', win=Window(...), wrapWidth=500)
13.0312 	EXP 	Created image = ImageStim(__class__=<class 'psychopy.visual.image.ImageStim'>, autoLog=True, color=array([1., 1., 1.]), colorSpace='rgb', contrast=1.0, depth=0.0, flipHoriz=False, flipVert=False, image='sin', interpolate=True, mask=None, maskParams=None, name='image', opacity=1, ori=0.0, pos=array([0., 0.]), size=array([0.5, 0.5]), texRes=128.0, units='pix', win=Window(...))
13.0314 	EXP 	window1: mouseVisible = True
13.0814 	WARNING 	t of last frame was 2845.51ms (=1/0)
13.0814 	EXP 	text: autoDraw = True
14.2747 	EXP 	Imported no_quotes.xlsx as conditions, 31 conditions, 1 params
14.2797 	EXP 	Created sequence: random, trialTypes=31, nReps=1, seed=None
14.2799 	EXP 	New trial (rep=0, index=0): {'stimulus': 'stimuli copy/jake-remy-QBAMncfwXr8-unsplash.jpeg'}
14.7602 	DATA 	Keypress: j
14.7789 	WARNING 	t of last frame was 526.70ms (=1/1)
14.7789 	EXP 	text: autoDraw = False
14.7789 	EXP 	image: image = 'stimuli copy/jake-remy-QBAMncfwXr8-unsplash.jpeg'
14.7789 	EXP 	image: autoDraw = True
15.4516 	WARNING 	t of last frame was 24.06ms (=1/41)
19.2605 	EXP 	New trial (rep=0, index=1): {'stimulus': 'stimuli copy/jordan-graff-87111nn8z_w-unsplash.jpeg'}
19.4716 	WARNING 	t of last frame was 213.61ms (=1/4)
19.4716 	EXP 	image: autoDraw = False
19.4716 	EXP 	image: image = 'stimuli copy/jordan-graff-87111nn8z_w-unsplash.jpeg'
19.4716 	EXP 	image: autoDraw = True
20.0046 	DATA 	Mouse: Left button down, pos=(734,407)
20.0149 	EXP 	New trial (rep=0, index=2): {'stimulus': 'stimuli copy/diego-ph-xW42e724p00-unsplash.jpeg'}
20.2963 	DATA 	Mouse:  Left button up, pos=(734,407)
20.3019 	WARNING 	Multiple dropped frames have occurred - I'll stop bothering you about them!
20.3019 	EXP 	image: autoDraw = False
20.3019 	EXP 	image: image = 'stimuli copy/diego-ph-xW42e724p00-unsplash.jpeg'
20.3019 	EXP 	image: autoDraw = True
20.6767 	DATA 	Keypress: escape
20.8782 	EXP 	window1: mouseVisible = True
