1.1586 	WARNING 	We strongly recommend you activate the PTB sound engine in PsychoPy prefs as the preferred audio engine. Its timing is vastly superior. Your prefs are currently set to use ['sounddevice', 'PTB', 'pyo', 'pygame'] (in that order).
7.9059 	WARNING 	Couldn't measure a consistent frame rate.
  - Is your graphics card set to sync to vertical blank?
  - Are you running other processes on your computer?

7.9072 	EXP 	Created window1 = Window(allowGUI=False, allowStencil=False, autoLog=True, backendConf=UNKNOWN, bitsMode=UNKNOWN, blendMode='avg', bpc=(8, 8, 8), color=array([0, 0, 0]), colorSpace='rgb', depthBits=8, fullscr=<method-wrapper '__getattribute__' of attributeSetter object at 0x7f9e78c85b00>, gamma=None, gammaErrorPolicy='raise', lms=UNKNOWN, monitor=<psychopy.monitors.calibTools.Monitor object at 0x7f9e2a57eba8>, multiSample=False, name='window1', numSamples=2, pos=[360.0, 225.0], screen=0, size=array([2880, 1800]), stencilBits=0, stereo=False, units='pix', useFBO=True, useRetina=True, viewOri=0.0, viewPos=None, viewScale=None, waitBlanking=True, winType='pyglet')
7.9121 	EXP 	window1: mouseVisible = True
7.9122 	EXP 	window1: recordFrameIntervals = False
8.0226 	EXP 	window1: recordFrameIntervals = True
9.0124 	WARNING 	Couldn't measure a consistent frame rate.
  - Is your graphics card set to sync to vertical blank?
  - Are you running other processes on your computer?

11.9454 	EXP 	Created text = TextStim(__class__=<class 'psychopy.visual.text.TextStim'>, alignHoriz=method-wrapper(...), alignText='center', alignVert=method-wrapper(...), anchorHoriz='center', anchorVert='center', antialias=True, autoLog=True, bold=False, color=array([1., 1., 1.]), colorSpace='rgb', contrast=1.0, depth=0.0, flipHoriz=False, flipVert=False, font='Open Sans', fontFiles=[], height=24.0, italic=False, languageStyle='LTR', name='text', opacity=1, ori=0.0, pos=array([0., 0.]), rgb=UNKNOWN, text=str(...), units='pix', win=Window(...), wrapWidth=500)
12.4913 	EXP 	Created image = ImageStim(__class__=<class 'psychopy.visual.image.ImageStim'>, autoLog=True, color=array([1., 1., 1.]), colorSpace='rgb', contrast=1.0, depth=0.0, flipHoriz=False, flipVert=False, image='sin', interpolate=True, mask=None, maskParams=None, name='image', opacity=1, ori=0.0, pos=array([0., 0.]), size=array([500., 500.]), texRes=128.0, units='pix', win=Window(...))
12.4915 	EXP 	window1: mouseVisible = True
12.4927 	EXP 	Created text_2 = TextStim(__class__=<class 'psychopy.visual.text.TextStim'>, alignHoriz=method-wrapper(...), alignText='center', alignVert=method-wrapper(...), anchorHoriz='center', anchorVert='center', antialias=True, autoLog=True, bold=False, color=array([1., 1., 1.]), colorSpace='rgb', contrast=1.0, depth=0.0, flipHoriz=False, flipVert=False, font='Open Sans', fontFiles=[], height=1.0, italic=False, languageStyle='LTR', name='text_2', opacity=1, ori=0.0, pos=array([0., 0.]), rgb=UNKNOWN, text='', units='pix', win=Window(...), wrapWidth=500)
12.5059 	WARNING 	t of last frame was 3493.91ms (=1/0)
12.5059 	EXP 	text: autoDraw = True
12.9409 	EXP 	Imported no_quotes.xlsx as conditions, 31 conditions, 1 params
12.9455 	EXP 	Created sequence: random, trialTypes=31, nReps=1, seed=None
12.9460 	EXP 	New trial (rep=0, index=0): {'stimulus': 'stimuli copy/chris-leipelt-fqoHScXjiW4-unsplash.jpeg'}
13.2972 	WARNING 	t of last frame was 375.59ms (=1/2)
13.2972 	EXP 	text: autoDraw = False
13.2972 	EXP 	image: image = 'stimuli copy/chris-leipelt-fqoHScXjiW4-unsplash.jpeg'
13.2972 	EXP 	image: autoDraw = True
14.3774 	DATA 	Mouse: Right button down, pos=(598,599)
14.5301 	DATA 	Mouse:  Right button up, pos=(598,599)
14.9220 	WARNING 	t of last frame was 22.21ms (=1/45)
17.0547 	WARNING 	t of last frame was 21.88ms (=1/45)
17.9552 	EXP 	image: autoDraw = False
17.9552 	EXP 	text_2: autoDraw = True
18.0972 	DATA 	Mouse: Right button down, pos=(545,565)
18.2474 	DATA 	Mouse:  Right button up, pos=(549,557)
19.4284 	EXP 	New trial (rep=0, index=1): {'stimulus': 'stimuli copy/jake-remy-QBAMncfwXr8-unsplash.jpeg'}
19.9258 	WARNING 	Multiple dropped frames have occurred - I'll stop bothering you about them!
19.9258 	EXP 	text_2: autoDraw = False
19.9258 	EXP 	image: image = 'stimuli copy/jake-remy-QBAMncfwXr8-unsplash.jpeg'
19.9258 	EXP 	image: autoDraw = True
22.2669 	EXP 	window1: mouseVisible = True
