1.2043 	WARNING 	We strongly recommend you activate the PTB sound engine in PsychoPy prefs as the preferred audio engine. Its timing is vastly superior. Your prefs are currently set to use ['sounddevice', 'PTB', 'pyo', 'pygame'] (in that order).
8.3301 	WARNING 	Couldn't measure a consistent frame rate.
  - Is your graphics card set to sync to vertical blank?
  - Are you running other processes on your computer?

8.3322 	EXP 	Created window1 = Window(allowGUI=False, allowStencil=False, autoLog=True, backendConf=UNKNOWN, bitsMode=UNKNOWN, blendMode='avg', bpc=(8, 8, 8), color=array([0, 0, 0]), colorSpace='rgb', depthBits=8, fullscr=<method-wrapper '__getattribute__' of attributeSetter object at 0x7fcb043bfb00>, gamma=None, gammaErrorPolicy='raise', lms=UNKNOWN, monitor=<psychopy.monitors.calibTools.Monitor object at 0x7fcb03c1aba8>, multiSample=False, name='window1', numSamples=2, pos=[360.0, 225.0], screen=0, size=array([2880, 1800]), stencilBits=0, stereo=False, units='pix', useFBO=True, useRetina=True, viewOri=0.0, viewPos=None, viewScale=None, waitBlanking=True, winType='pyglet')
8.3328 	EXP 	window1: mouseVisible = True
8.3328 	EXP 	window1: recordFrameIntervals = False
8.4187 	EXP 	window1: recordFrameIntervals = True
9.4463 	WARNING 	Couldn't measure a consistent frame rate.
  - Is your graphics card set to sync to vertical blank?
  - Are you running other processes on your computer?

12.3117 	EXP 	Created text = TextStim(__class__=<class 'psychopy.visual.text.TextStim'>, alignHoriz=method-wrapper(...), alignText='center', alignVert=method-wrapper(...), anchorHoriz='center', anchorVert='center', antialias=True, autoLog=True, bold=False, color=array([1., 1., 1.]), colorSpace='rgb', contrast=1.0, depth=0.0, flipHoriz=False, flipVert=False, font='Open Sans', fontFiles=[], height=24.0, italic=False, languageStyle='LTR', name='text', opacity=1, ori=0.0, pos=array([0., 0.]), rgb=UNKNOWN, text=str(...), units='pix', win=Window(...), wrapWidth=500)
12.8632 	EXP 	Created image = ImageStim(__class__=<class 'psychopy.visual.image.ImageStim'>, autoLog=True, color=array([1., 1., 1.]), colorSpace='rgb', contrast=1.0, depth=0.0, flipHoriz=False, flipVert=False, image='sin', interpolate=True, mask=None, maskParams=None, name='image', opacity=1, ori=0.0, pos=array([0., 0.]), size=array([500., 500.]), texRes=128.0, units='pix', win=Window(...))
12.8633 	EXP 	window1: mouseVisible = True
12.8646 	EXP 	Created text_2 = TextStim(__class__=<class 'psychopy.visual.text.TextStim'>, alignHoriz=method-wrapper(...), alignText='center', alignVert=method-wrapper(...), anchorHoriz='center', anchorVert='center', antialias=True, autoLog=True, bold=False, color=array([1., 1., 1.]), colorSpace='rgb', contrast=1.0, depth=0.0, flipHoriz=False, flipVert=False, font='Open Sans', fontFiles=[], height=1.0, italic=False, languageStyle='LTR', name='text_2', opacity=1, ori=0.0, pos=array([0., 0.]), rgb=UNKNOWN, text='', units='pix', win=Window(...), wrapWidth=500)
12.8764 	WARNING 	t of last frame was 3430.22ms (=1/0)
12.8764 	EXP 	text: autoDraw = True
13.7911 	EXP 	Imported no_quotes.xlsx as conditions, 31 conditions, 1 params
13.7992 	EXP 	Created sequence: random, trialTypes=31, nReps=1, seed=None
13.7997 	EXP 	New trial (rep=0, index=0): {'stimulus': 'stimuli copy/chris-leipelt-fqoHScXjiW4-unsplash.jpeg'}
14.1877 	DATA 	Keypress: j
14.1961 	WARNING 	t of last frame was 426.57ms (=1/2)
14.1961 	EXP 	text: autoDraw = False
14.1961 	EXP 	image: image = 'stimuli copy/chris-leipelt-fqoHScXjiW4-unsplash.jpeg'
14.1961 	EXP 	image: autoDraw = True
15.6298 	WARNING 	t of last frame was 25.92ms (=1/38)
15.6962 	WARNING 	t of last frame was 22.30ms (=1/44)
16.1227 	DATA 	Mouse: Left button down, pos=(372,539)
16.1570 	EXP 	window1: mouseVisible = True
