1.3126 	WARNING 	We strongly recommend you activate the PTB sound engine in PsychoPy prefs as the preferred audio engine. Its timing is vastly superior. Your prefs are currently set to use ['sounddevice', 'PTB', 'pyo', 'pygame'] (in that order).
10.2336 	WARNING 	Couldn't measure a consistent frame rate.
  - Is your graphics card set to sync to vertical blank?
  - Are you running other processes on your computer?

10.2356 	EXP 	Created window1 = Window(allowGUI=False, allowStencil=False, autoLog=True, backendConf=UNKNOWN, bitsMode=UNKNOWN, blendMode='avg', bpc=(8, 8, 8), color=array([0, 0, 0]), colorSpace='rgb', depthBits=8, fullscr=<method-wrapper '__getattribute__' of attributeSetter object at 0x7f9c5c224ac8>, gamma=None, gammaErrorPolicy='raise', lms=UNKNOWN, monitor=<psychopy.monitors.calibTools.Monitor object at 0x7f9c5c5fdb70>, multiSample=False, name='window1', numSamples=2, pos=[360.0, 225.0], screen=0, size=array([2880, 1800]), stencilBits=0, stereo=False, units='pix', useFBO=True, useRetina=True, viewOri=0.0, viewPos=None, viewScale=None, waitBlanking=True, winType='pyglet')
10.2371 	EXP 	window1: mouseVisible = True
10.2375 	EXP 	window1: recordFrameIntervals = False
10.3169 	EXP 	window1: recordFrameIntervals = True
11.1554 	WARNING 	Couldn't measure a consistent frame rate.
  - Is your graphics card set to sync to vertical blank?
  - Are you running other processes on your computer?

13.2770 	EXP 	Created text = TextStim(__class__=<class 'psychopy.visual.text.TextStim'>, alignHoriz=method-wrapper(...), alignText='center', alignVert=method-wrapper(...), anchorHoriz='center', anchorVert='center', antialias=True, autoLog=True, bold=False, color=array([1., 1., 1.]), colorSpace='rgb', contrast=1.0, depth=0.0, flipHoriz=False, flipVert=False, font='Open Sans', fontFiles=[], height=0.05, italic=False, languageStyle='LTR', name='text', opacity=1, ori=0.0, pos=array([0., 0.]), rgb=UNKNOWN, text=str(...), units='pix', win=Window(...), wrapWidth=500)
13.7854 	EXP 	Created image = ImageStim(__class__=<class 'psychopy.visual.image.ImageStim'>, autoLog=True, color=array([1., 1., 1.]), colorSpace='rgb', contrast=1.0, depth=0.0, flipHoriz=False, flipVert=False, image='sin', interpolate=True, mask=None, maskParams=None, name='image', opacity=1, ori=0.0, pos=array([0., 0.]), size=array([224., 224.]), texRes=128.0, units='pix', win=Window(...))
13.7855 	EXP 	window1: mouseVisible = True
13.7866 	EXP 	Created text_2 = TextStim(__class__=<class 'psychopy.visual.text.TextStim'>, alignHoriz=method-wrapper(...), alignText='center', alignVert=method-wrapper(...), anchorHoriz='center', anchorVert='center', antialias=True, autoLog=True, bold=False, color=array([1., 1., 1.]), colorSpace='rgb', contrast=1.0, depth=0.0, flipHoriz=False, flipVert=False, font='Open Sans', fontFiles=[], height=0.1, italic=False, languageStyle='LTR', name='text_2', opacity=1, ori=0.0, pos=array([0., 0.]), rgb=UNKNOWN, text='', units='pix', win=Window(...), wrapWidth=500)
13.8015 	WARNING 	t of last frame was 2646.34ms (=1/0)
13.8015 	EXP 	text: autoDraw = True
14.6507 	EXP 	Imported no_quotes.xlsx as conditions, 31 conditions, 1 params
14.6533 	EXP 	Created sequence: random, trialTypes=31, nReps=1, seed=None
14.6536 	EXP 	New trial (rep=0, index=0): {'stimulus': 'stimuli copy/jake-remy-QBAMncfwXr8-unsplash.jpeg'}
15.1265 	DATA 	Keypress: j
15.1367 	WARNING 	t of last frame was 504.27ms (=1/1)
15.1367 	EXP 	text: autoDraw = False
15.1367 	EXP 	image: image = 'stimuli copy/jake-remy-QBAMncfwXr8-unsplash.jpeg'
15.1367 	EXP 	image: autoDraw = True
16.1551 	DATA 	Mouse: Left button down, pos=(722,460)
16.1659 	EXP 	image: autoDraw = False
16.1659 	EXP 	text_2: autoDraw = True
16.3015 	DATA 	Mouse:  Left button up, pos=(722,460)
18.1523 	EXP 	New trial (rep=0, index=1): {'stimulus': 'stimuli copy/daniela-cuevas-t7YycgAoVSw-unsplash.jpeg'}
18.4876 	WARNING 	t of last frame was 337.80ms (=1/2)
18.4876 	EXP 	text_2: autoDraw = False
18.4876 	EXP 	text_2: autoDraw = False
18.4876 	EXP 	image: image = 'stimuli copy/daniela-cuevas-t7YycgAoVSw-unsplash.jpeg'
18.4876 	EXP 	image: autoDraw = True
19.7017 	DATA 	Mouse: Left button down, pos=(778,475)
19.7130 	EXP 	image: autoDraw = False
19.7130 	EXP 	text_2: autoDraw = True
19.8359 	DATA 	Mouse:  Left button up, pos=(778,475)
21.7001 	EXP 	New trial (rep=0, index=2): {'stimulus': 'stimuli copy/jordan-graff-87111nn8z_w-unsplash.jpeg'}
21.9188 	WARNING 	t of last frame was 220.02ms (=1/4)
21.9188 	EXP 	text_2: autoDraw = False
21.9188 	EXP 	text_2: autoDraw = False
21.9188 	EXP 	image: image = 'stimuli copy/jordan-graff-87111nn8z_w-unsplash.jpeg'
21.9188 	EXP 	image: autoDraw = True
22.7664 	WARNING 	Multiple dropped frames have occurred - I'll stop bothering you about them!
23.2853 	DATA 	Mouse: Left button down, pos=(722,500)
23.2960 	EXP 	image: autoDraw = False
23.2960 	EXP 	text_2: autoDraw = True
23.4556 	DATA 	Mouse:  Left button up, pos=(722,500)
25.2832 	EXP 	New trial (rep=0, index=3): {'stimulus': 'stimuli copy/jack-b-JYZYRF0j_Uc-unsplash.jpeg'}
25.8082 	EXP 	text_2: autoDraw = False
25.8082 	EXP 	text_2: autoDraw = False
25.8082 	EXP 	image: image = 'stimuli copy/jack-b-JYZYRF0j_Uc-unsplash.jpeg'
25.8082 	EXP 	image: autoDraw = True
27.1018 	DATA 	Mouse: Left button down, pos=(719,458)
27.1108 	EXP 	image: autoDraw = False
27.1108 	EXP 	text_2: autoDraw = True
27.1851 	DATA 	Mouse:  Left button up, pos=(719,458)
29.1004 	EXP 	New trial (rep=0, index=4): {'stimulus': 'stimuli copy/arjun-kapoor-Om3JbZp3CCo-unsplash.jpeg'}
29.3903 	EXP 	text_2: autoDraw = False
29.3903 	EXP 	text_2: autoDraw = False
29.3903 	EXP 	image: image = 'stimuli copy/arjun-kapoor-Om3JbZp3CCo-unsplash.jpeg'
29.3903 	EXP 	image: autoDraw = True
30.6346 	DATA 	Mouse: Left button down, pos=(778,414)
30.6446 	EXP 	image: autoDraw = False
30.6446 	EXP 	text_2: autoDraw = True
30.7516 	DATA 	Mouse:  Left button up, pos=(778,414)
32.6333 	EXP 	New trial (rep=0, index=5): {'stimulus': 'stimuli copy/alexandre-chambon-ADqQgiStp4c-unsplash.jpeg'}
32.8961 	EXP 	text_2: autoDraw = False
32.8961 	EXP 	text_2: autoDraw = False
32.8961 	EXP 	image: image = 'stimuli copy/alexandre-chambon-ADqQgiStp4c-unsplash.jpeg'
32.8961 	EXP 	image: autoDraw = True
34.2071 	DATA 	Mouse: Left button down, pos=(707,510)
34.2210 	EXP 	image: autoDraw = False
34.2210 	EXP 	text_2: autoDraw = True
34.3562 	DATA 	Mouse:  Left button up, pos=(707,510)
36.2081 	EXP 	New trial (rep=0, index=6): {'stimulus': 'stimuli copy/darya-sev-QRdX9dO8poY-unsplash.jpeg'}
36.3680 	EXP 	text_2: autoDraw = False
36.3680 	EXP 	text_2: autoDraw = False
36.3680 	EXP 	image: image = 'stimuli copy/darya-sev-QRdX9dO8poY-unsplash.jpeg'
36.3680 	EXP 	image: autoDraw = True
37.6548 	DATA 	Mouse: Left button down, pos=(669,473)
37.6651 	EXP 	image: autoDraw = False
37.6651 	EXP 	text_2: autoDraw = True
37.8226 	DATA 	Mouse:  Left button up, pos=(669,473)
39.6496 	EXP 	New trial (rep=0, index=7): {'stimulus': 'stimuli copy/samuel-clara-HkZVyO9l_Ig-unsplash.jpeg'}
40.0649 	EXP 	text_2: autoDraw = False
40.0649 	EXP 	text_2: autoDraw = False
40.0649 	EXP 	image: image = 'stimuli copy/samuel-clara-HkZVyO9l_Ig-unsplash.jpeg'
40.0649 	EXP 	image: autoDraw = True
41.4514 	DATA 	Mouse: Left button down, pos=(758,509)
41.4697 	EXP 	image: autoDraw = False
41.4697 	EXP 	text_2: autoDraw = True
41.5892 	DATA 	Mouse:  Left button up, pos=(758,509)
42.6827 	DATA 	Keypress: escape
42.8229 	EXP 	window1: mouseVisible = True
