0.7830 	WARNING 	We strongly recommend you activate the PTB sound engine in PsychoPy prefs as the preferred audio engine. Its timing is vastly superior. Your prefs are currently set to use ['sounddevice', 'PTB', 'pyo', 'pygame'] (in that order).
6.7702 	WARNING 	Couldn't measure a consistent frame rate.
  - Is your graphics card set to sync to vertical blank?
  - Are you running other processes on your computer?

6.7713 	EXP 	Created window1 = Window(allowGUI=False, allowStencil=False, autoLog=True, backendConf=UNKNOWN, bitsMode=UNKNOWN, blendMode='avg', bpc=(8, 8, 8), color=array([0, 0, 0]), colorSpace='rgb', depthBits=8, fullscr=<method-wrapper '__getattribute__' of attributeSetter object at 0x7fe6754c4b00>, gamma=None, gammaErrorPolicy='raise', lms=UNKNOWN, monitor=<psychopy.monitors.calibTools.Monitor object at 0x7fe6a5919ba8>, multiSample=False, name='window1', numSamples=2, pos=[360.0, 225.0], screen=0, size=array([2880, 1800]), stencilBits=0, stereo=False, units='pix', useFBO=True, useRetina=True, viewOri=0.0, viewPos=None, viewScale=None, waitBlanking=True, winType='pyglet')
6.7719 	EXP 	window1: mouseVisible = True
6.7720 	EXP 	window1: recordFrameIntervals = False
6.8698 	EXP 	window1: recordFrameIntervals = True
7.8820 	WARNING 	Couldn't measure a consistent frame rate.
  - Is your graphics card set to sync to vertical blank?
  - Are you running other processes on your computer?

10.5558 	EXP 	Created text = TextStim(__class__=<class 'psychopy.visual.text.TextStim'>, alignHoriz=method-wrapper(...), alignText='center', alignVert=method-wrapper(...), anchorHoriz='center', anchorVert='center', antialias=True, autoLog=True, bold=False, color=array([1., 1., 1.]), colorSpace='rgb', contrast=1.0, depth=0.0, flipHoriz=False, flipVert=False, font='Open Sans', fontFiles=[], height=24.0, italic=False, languageStyle='LTR', name='text', opacity=1, ori=0.0, pos=array([0., 0.]), rgb=UNKNOWN, text=str(...), units='pix', win=Window(...), wrapWidth=500)
11.0955 	EXP 	Created image = ImageStim(__class__=<class 'psychopy.visual.image.ImageStim'>, autoLog=True, color=array([1., 1., 1.]), colorSpace='rgb', contrast=1.0, depth=0.0, flipHoriz=False, flipVert=False, image='sin', interpolate=True, mask=None, maskParams=None, name='image', opacity=1, ori=0.0, pos=array([0., 0.]), size=array([500., 500.]), texRes=128.0, units='pix', win=Window(...))
11.0957 	EXP 	window1: mouseVisible = True
11.0968 	EXP 	Created text_2 = TextStim(__class__=<class 'psychopy.visual.text.TextStim'>, alignHoriz=method-wrapper(...), alignText='center', alignVert=method-wrapper(...), anchorHoriz='center', anchorVert='center', antialias=True, autoLog=True, bold=False, color=array([1., 1., 1.]), colorSpace='rgb', contrast=1.0, depth=0.0, flipHoriz=False, flipVert=False, font='Open Sans', fontFiles=[], height=1.0, italic=False, languageStyle='LTR', name='text_2', opacity=1, ori=0.0, pos=array([0., 0.]), rgb=UNKNOWN, text='', units='pix', win=Window(...), wrapWidth=500)
11.1091 	WARNING 	t of last frame was 3227.47ms (=1/0)
11.1091 	EXP 	text: autoDraw = True
11.1481 	WARNING 	t of last frame was 33.45ms (=1/29)
12.1525 	EXP 	Imported no_quotes.xlsx as conditions, 31 conditions, 1 params
12.1541 	EXP 	Created sequence: random, trialTypes=31, nReps=1, seed=None
12.1545 	EXP 	New trial (rep=0, index=0): {'stimulus': 'stimuli copy/long-truong-vRepMA0VQ54-unsplash.jpeg'}
12.5249 	DATA 	Keypress: f
12.5339 	WARNING 	t of last frame was 402.98ms (=1/2)
12.5339 	EXP 	text: autoDraw = False
12.5339 	EXP 	image: image = 'stimuli copy/long-truong-vRepMA0VQ54-unsplash.jpeg'
12.5339 	EXP 	image: autoDraw = True
13.3648 	WARNING 	t of last frame was 26.65ms (=1/37)
14.0070 	DATA 	Mouse: Right button down, pos=(704,458)
14.1897 	DATA 	Mouse:  Right button up, pos=(704,458)
14.6155 	DATA 	Mouse: Right button down, pos=(738,462)
14.7723 	DATA 	Mouse:  Right button up, pos=(738,462)
15.4403 	DATA 	Mouse: Left button down, pos=(725,448)
15.4593 	EXP 	image: autoDraw = False
15.4593 	EXP 	text_2: autoDraw = True
15.4811 	WARNING 	Multiple dropped frames have occurred - I'll stop bothering you about them!
15.5838 	DATA 	Mouse:  Left button up, pos=(725,448)
16.9494 	EXP 	New trial (rep=0, index=1): {'stimulus': 'stimuli copy/jack-b-JYZYRF0j_Uc-unsplash.jpeg'}
17.2499 	EXP 	text_2: autoDraw = False
17.2499 	EXP 	text_2: autoDraw = False
17.2499 	EXP 	image: image = 'stimuli copy/jack-b-JYZYRF0j_Uc-unsplash.jpeg'
17.2499 	EXP 	image: autoDraw = True
19.5228 	DATA 	Mouse: Middle button down, pos=(723,468)
19.6818 	DATA 	Mouse:  Middle button up, pos=(723,468)
20.7657 	DATA 	Mouse: Left button down, pos=(287,480)
20.9058 	DATA 	Mouse:  Left button up, pos=(287,480)
21.7656 	DATA 	Mouse: Left button down, pos=(677,477)
21.7762 	EXP 	image: autoDraw = False
21.7762 	EXP 	text_2: autoDraw = True
21.8842 	DATA 	Mouse:  Left button up, pos=(677,477)
23.2672 	EXP 	New trial (rep=0, index=2): {'stimulus': 'stimuli copy/alexandre-chambon-ADqQgiStp4c-unsplash.jpeg'}
23.6589 	EXP 	text_2: autoDraw = False
23.6589 	EXP 	text_2: autoDraw = False
23.6589 	EXP 	image: image = 'stimuli copy/alexandre-chambon-ADqQgiStp4c-unsplash.jpeg'
23.6589 	EXP 	image: autoDraw = True
24.8908 	DATA 	Mouse: Left button down, pos=(710,601)
24.9080 	EXP 	image: autoDraw = False
24.9080 	EXP 	text_2: autoDraw = True
25.0739 	DATA 	Mouse:  Left button up, pos=(710,601)
26.4015 	EXP 	New trial (rep=0, index=3): {'stimulus': 'stimuli copy/chris-leipelt-fqoHScXjiW4-unsplash.jpeg'}
26.6579 	EXP 	text_2: autoDraw = False
26.6579 	EXP 	text_2: autoDraw = False
26.6579 	EXP 	image: image = 'stimuli copy/chris-leipelt-fqoHScXjiW4-unsplash.jpeg'
26.6579 	EXP 	image: autoDraw = True
27.3315 	DATA 	Mouse: Left button down, pos=(317,418)
27.5328 	DATA 	Mouse:  Left button up, pos=(317,418)
28.1659 	DATA 	Mouse: Left button down, pos=(555,576)
28.1759 	EXP 	image: autoDraw = False
28.1759 	EXP 	text_2: autoDraw = True
28.3166 	DATA 	Mouse:  Left button up, pos=(555,576)
29.6658 	EXP 	New trial (rep=0, index=4): {'stimulus': 'stimuli copy/jordan-graff-87111nn8z_w-unsplash.jpeg'}
29.8577 	EXP 	text_2: autoDraw = False
29.8577 	EXP 	text_2: autoDraw = False
29.8577 	EXP 	image: image = 'stimuli copy/jordan-graff-87111nn8z_w-unsplash.jpeg'
29.8577 	EXP 	image: autoDraw = True
30.9323 	DATA 	Mouse: Left button down, pos=(733,450)
30.9417 	EXP 	image: autoDraw = False
30.9417 	EXP 	text_2: autoDraw = True
31.0742 	DATA 	Mouse:  Left button up, pos=(733,450)
32.4321 	EXP 	New trial (rep=0, index=5): {'stimulus': 'stimuli copy/jared-rice-WbOn78k-ywU-unsplash.jpeg'}
32.7675 	EXP 	text_2: autoDraw = False
32.7675 	EXP 	text_2: autoDraw = False
32.7675 	EXP 	image: image = 'stimuli copy/jared-rice-WbOn78k-ywU-unsplash.jpeg'
32.7675 	EXP 	image: autoDraw = True
33.5747 	DATA 	Mouse: Left button down, pos=(1075,378)
33.7655 	DATA 	Mouse:  Left button up, pos=(1075,378)
34.1726 	DATA 	Mouse: Right button down, pos=(1032,363)
34.3906 	DATA 	Mouse:  Right button up, pos=(1032,363)
34.9159 	DATA 	Mouse: Left button down, pos=(722,316)
34.9262 	EXP 	image: autoDraw = False
34.9262 	EXP 	text_2: autoDraw = True
35.0390 	DATA 	Mouse:  Left button up, pos=(722,316)
36.4158 	EXP 	New trial (rep=0, index=6): {'stimulus': 'stimuli copy/aaron-burden-xNsoHwvoHnY-unsplash.jpeg'}
36.6927 	EXP 	text_2: autoDraw = False
36.6927 	EXP 	text_2: autoDraw = False
36.6927 	EXP 	image: image = 'stimuli copy/aaron-burden-xNsoHwvoHnY-unsplash.jpeg'
36.6927 	EXP 	image: autoDraw = True
37.0899 	DATA 	Mouse: Right button down, pos=(690,394)
37.2665 	DATA 	Mouse:  Right button up, pos=(690,394)
37.6825 	DATA 	Mouse: Left button down, pos=(690,394)
37.6922 	EXP 	image: autoDraw = False
37.6922 	EXP 	text_2: autoDraw = True
37.8061 	DATA 	Mouse:  Left button up, pos=(690,394)
39.1818 	EXP 	New trial (rep=0, index=7): {'stimulus': 'stimuli copy/natalya-letunova-eCfCIwtKdsg-unsplash.jpeg'}
39.6181 	EXP 	text_2: autoDraw = False
39.6181 	EXP 	text_2: autoDraw = False
39.6181 	EXP 	image: image = 'stimuli copy/natalya-letunova-eCfCIwtKdsg-unsplash.jpeg'
39.6181 	EXP 	image: autoDraw = True
40.6490 	DATA 	Mouse: Left button down, pos=(711,606)
40.6589 	EXP 	image: autoDraw = False
40.6589 	EXP 	text_2: autoDraw = True
40.7838 	DATA 	Mouse:  Left button up, pos=(710,603)
42.1519 	EXP 	New trial (rep=0, index=8): {'stimulus': 'stimuli copy/james-haworth-Hm7BtNRT6eE-unsplash.jpeg'}
42.5539 	EXP 	text_2: autoDraw = False
42.5539 	EXP 	text_2: autoDraw = False
42.5539 	EXP 	image: image = 'stimuli copy/james-haworth-Hm7BtNRT6eE-unsplash.jpeg'
42.5539 	EXP 	image: autoDraw = True
43.2673 	DATA 	Mouse: Left button down, pos=(689,499)
43.2840 	EXP 	image: autoDraw = False
43.2840 	EXP 	text_2: autoDraw = True
43.4195 	DATA 	Mouse:  Left button up, pos=(689,499)
44.7714 	EXP 	New trial (rep=0, index=9): {'stimulus': 'stimuli copy/jake-remy-QBAMncfwXr8-unsplash.jpeg'}
45.1496 	EXP 	text_2: autoDraw = False
45.1496 	EXP 	text_2: autoDraw = False
45.1496 	EXP 	image: image = 'stimuli copy/jake-remy-QBAMncfwXr8-unsplash.jpeg'
45.1496 	EXP 	image: autoDraw = True
46.2488 	DATA 	Mouse: Left button down, pos=(736,481)
46.2589 	EXP 	image: autoDraw = False
46.2589 	EXP 	text_2: autoDraw = True
46.4070 	DATA 	Mouse:  Left button up, pos=(736,481)
47.7488 	EXP 	New trial (rep=0, index=10): {'stimulus': 'stimuli copy/mathew-schwartz-3z56aMRpjJ0-unsplash.jpeg'}
47.9236 	EXP 	text_2: autoDraw = False
47.9236 	EXP 	text_2: autoDraw = False
47.9236 	EXP 	image: image = 'stimuli copy/mathew-schwartz-3z56aMRpjJ0-unsplash.jpeg'
47.9236 	EXP 	image: autoDraw = True
49.1507 	DATA 	Mouse: Left button down, pos=(738,565)
49.1811 	EXP 	image: autoDraw = False
49.1811 	EXP 	text_2: autoDraw = True
49.3338 	DATA 	Mouse:  Left button up, pos=(738,565)
50.6654 	EXP 	New trial (rep=0, index=11): {'stimulus': 'stimuli copy/chuttersnap-6ELMRvIuJ1g-unsplash.jpeg'}
51.0842 	EXP 	text_2: autoDraw = False
51.0842 	EXP 	text_2: autoDraw = False
51.0842 	EXP 	image: image = 'stimuli copy/chuttersnap-6ELMRvIuJ1g-unsplash.jpeg'
51.0842 	EXP 	image: autoDraw = True
51.8724 	DATA 	Mouse: Left button down, pos=(742,584)
51.8846 	EXP 	image: autoDraw = False
51.8846 	EXP 	text_2: autoDraw = True
52.0508 	DATA 	Mouse:  Left button up, pos=(742,584)
53.3710 	EXP 	New trial (rep=0, index=12): {'stimulus': 'stimuli copy/gritt-zheng-K88BVN6yMrU-unsplash.jpeg'}
53.8371 	EXP 	text_2: autoDraw = False
53.8371 	EXP 	text_2: autoDraw = False
53.8371 	EXP 	image: image = 'stimuli copy/gritt-zheng-K88BVN6yMrU-unsplash.jpeg'
53.8371 	EXP 	image: autoDraw = True
54.3410 	DATA 	Keypress: escape
54.5572 	EXP 	window1: mouseVisible = True
