1.1128 	WARNING 	We strongly recommend you activate the PTB sound engine in PsychoPy prefs as the preferred audio engine. Its timing is vastly superior. Your prefs are currently set to use ['sounddevice', 'PTB', 'pyo', 'pygame'] (in that order).
6.4834 	WARNING 	User requested fullscreen with size [1024  768], but screen is actually [1440, 900]. Using actual size
8.0002 	WARNING 	Couldn't measure a consistent frame rate.
  - Is your graphics card set to sync to vertical blank?
  - Are you running other processes on your computer?

8.0031 	EXP 	Created window1 = Window(allowGUI=False, allowStencil=False, autoLog=True, backendConf=UNKNOWN, bitsMode=UNKNOWN, blendMode='avg', bpc=(8, 8, 8), color=array([0, 0, 0]), colorSpace='rgb', depthBits=8, fullscr=<method-wrapper '__getattribute__' of attributeSetter object at 0x7f7a51aa0a90>, gamma=None, gammaErrorPolicy='raise', lms=UNKNOWN, monitor=<psychopy.monitors.calibTools.Monitor object at 0x7f7a51706780>, multiSample=False, name='window1', numSamples=2, pos=[360.0, 225.0], screen=0, size=array([2880, 1800]), stencilBits=0, stereo=False, units='height', useFBO=True, useRetina=True, viewOri=0.0, viewPos=None, viewScale=None, waitBlanking=True, winType='pyglet')
8.0039 	EXP 	window1: mouseVisible = True
8.0040 	EXP 	window1: recordFrameIntervals = False
8.0825 	EXP 	window1: recordFrameIntervals = True
8.9277 	WARNING 	Couldn't measure a consistent frame rate.
  - Is your graphics card set to sync to vertical blank?
  - Are you running other processes on your computer?

11.2077 	EXP 	Created text = TextStim(__class__=<class 'psychopy.visual.text.TextStim'>, alignHoriz=method-wrapper(...), alignText='center', alignVert=method-wrapper(...), anchorHoriz='center', anchorVert='center', antialias=True, autoLog=True, bold=False, color=array([1., 1., 1.]), colorSpace='rgb', contrast=1.0, depth=0.0, flipHoriz=False, flipVert=False, font='Open Sans', fontFiles=[], height=0.05, italic=False, languageStyle='LTR', name='text', opacity=1, ori=0.0, pos=array([0., 0.]), rgb=UNKNOWN, text=str(...), units='height', win=Window(...), wrapWidth=1)
11.7364 	EXP 	Created image = ImageStim(__class__=<class 'psychopy.visual.image.ImageStim'>, autoLog=True, color=array([1., 1., 1.]), colorSpace='rgb', contrast=1.0, depth=0.0, flipHoriz=False, flipVert=False, image='sin', interpolate=True, mask=None, maskParams=None, name='image', opacity=1, ori=0.0, pos=array([0., 0.]), size=array([0.5, 0.5]), texRes=128.0, units='height', win=Window(...))
11.7365 	EXP 	window1: mouseVisible = True
11.7474 	WARNING 	t of last frame was 2820.09ms (=1/0)
11.7474 	EXP 	text: autoDraw = True
12.2975 	EXP 	Imported no_quotes.xlsx as conditions, 31 conditions, 1 params
12.3043 	EXP 	Created sequence: random, trialTypes=31, nReps=1, seed=None
12.3048 	EXP 	New trial (rep=0, index=0): {'stimulus': 'stimuli copy/samuel-clara-HkZVyO9l_Ig-unsplash.jpeg'}
12.7805 	DATA 	Keypress: j
12.7902 	WARNING 	t of last frame was 513.35ms (=1/1)
12.7902 	EXP 	text: autoDraw = False
12.7902 	EXP 	image: image = 'stimuli copy/samuel-clara-HkZVyO9l_Ig-unsplash.jpeg'
12.7902 	EXP 	image: autoDraw = True
13.4966 	DATA 	Mouse: Left button down, pos=(742,460)
13.5028 	EXP 	New trial (rep=0, index=1): {'stimulus': 'stimuli copy/aaron-burden-xNsoHwvoHnY-unsplash.jpeg'}
13.7584 	DATA 	Mouse:  Left button up, pos=(742,460)
13.7640 	WARNING 	t of last frame was 269.66ms (=1/3)
13.7640 	EXP 	image: autoDraw = False
13.7640 	EXP 	image: image = 'stimuli copy/aaron-burden-xNsoHwvoHnY-unsplash.jpeg'
13.7640 	EXP 	image: autoDraw = True
14.3625 	DATA 	Mouse: Left button down, pos=(693,453)
14.3717 	EXP 	New trial (rep=0, index=2): {'stimulus': 'stimuli copy/diego-ph-xW42e724p00-unsplash.jpeg'}
14.6635 	DATA 	Mouse:  Left button up, pos=(693,453)
14.6692 	WARNING 	t of last frame was 300.65ms (=1/3)
14.6692 	EXP 	image: autoDraw = False
14.6692 	EXP 	image: image = 'stimuli copy/diego-ph-xW42e724p00-unsplash.jpeg'
14.6692 	EXP 	image: autoDraw = True
15.4780 	DATA 	Mouse: Left button down, pos=(674,424)
15.4816 	EXP 	New trial (rep=0, index=3): {'stimulus': 'stimuli copy/daniela-cuevas-t7YycgAoVSw-unsplash.jpeg'}
15.7870 	DATA 	Mouse:  Left button up, pos=(674,424)
15.7932 	WARNING 	Multiple dropped frames have occurred - I'll stop bothering you about them!
15.7932 	EXP 	image: autoDraw = False
15.7932 	EXP 	image: image = 'stimuli copy/daniela-cuevas-t7YycgAoVSw-unsplash.jpeg'
15.7932 	EXP 	image: autoDraw = True
17.0716 	DATA 	Keypress: escape
17.2421 	EXP 	window1: mouseVisible = True
