0.6862 	WARNING 	We strongly recommend you activate the PTB sound engine in PsychoPy prefs as the preferred audio engine. Its timing is vastly superior. Your prefs are currently set to use ['sounddevice', 'PTB', 'pyo', 'pygame'] (in that order).
8.3974 	WARNING 	Couldn't measure a consistent frame rate.
  - Is your graphics card set to sync to vertical blank?
  - Are you running other processes on your computer?

8.3984 	EXP 	Created window1 = Window(allowGUI=False, allowStencil=False, autoLog=True, backendConf=UNKNOWN, bitsMode=UNKNOWN, blendMode='avg', bpc=(8, 8, 8), color=array([0, 0, 0]), colorSpace='rgb', depthBits=8, fullscr=<method-wrapper '__getattribute__' of attributeSetter object at 0x7fdb8d207b00>, gamma=None, gammaErrorPolicy='raise', lms=UNKNOWN, monitor=<psychopy.monitors.calibTools.Monitor object at 0x7fdbce1faba8>, multiSample=False, name='window1', numSamples=2, pos=[360.0, 225.0], screen=0, size=array([2880, 1800]), stencilBits=0, stereo=False, units='pix', useFBO=True, useRetina=True, viewOri=0.0, viewPos=None, viewScale=None, waitBlanking=True, winType='pyglet')
8.3988 	EXP 	window1: mouseVisible = True
8.3989 	EXP 	window1: recordFrameIntervals = False
8.4800 	EXP 	window1: recordFrameIntervals = True
9.3811 	WARNING 	Couldn't measure a consistent frame rate.
  - Is your graphics card set to sync to vertical blank?
  - Are you running other processes on your computer?

12.0905 	EXP 	Created text = TextStim(__class__=<class 'psychopy.visual.text.TextStim'>, alignHoriz=method-wrapper(...), alignText='center', alignVert=method-wrapper(...), anchorHoriz='center', anchorVert='center', antialias=True, autoLog=True, bold=False, color=array([1., 1., 1.]), colorSpace='rgb', contrast=1.0, depth=0.0, flipHoriz=False, flipVert=False, font='Open Sans', fontFiles=[], height=24.0, italic=False, languageStyle='LTR', name='text', opacity=1, ori=0.0, pos=array([0., 0.]), rgb=UNKNOWN, text=str(...), units='pix', win=Window(...), wrapWidth=500)
12.6405 	EXP 	Created image = ImageStim(__class__=<class 'psychopy.visual.image.ImageStim'>, autoLog=True, color=array([1., 1., 1.]), colorSpace='rgb', contrast=1.0, depth=0.0, flipHoriz=False, flipVert=False, image='sin', interpolate=True, mask=None, maskParams=None, name='image', opacity=1, ori=0.0, pos=array([0., 0.]), size=array([500., 500.]), texRes=128.0, units='pix', win=Window(...))
12.6406 	EXP 	window1: mouseVisible = True
12.6418 	EXP 	Created text_2 = TextStim(__class__=<class 'psychopy.visual.text.TextStim'>, alignHoriz=method-wrapper(...), alignText='center', alignVert=method-wrapper(...), anchorHoriz='center', anchorVert='center', antialias=True, autoLog=True, bold=False, color=array([1., 1., 1.]), colorSpace='rgb', contrast=1.0, depth=0.0, flipHoriz=False, flipVert=False, font='Open Sans', fontFiles=[], height=1.0, italic=False, languageStyle='LTR', name='text_2', opacity=1, ori=0.0, pos=array([0., 0.]), rgb=UNKNOWN, text='', units='pix', win=Window(...), wrapWidth=500)
12.6527 	WARNING 	t of last frame was 3272.00ms (=1/0)
12.6527 	EXP 	text: autoDraw = True
13.0272 	DATA 	Mouse: Right button down, pos=(711,460)
13.1603 	DATA 	Mouse:  Right button up, pos=(711,460)
13.6159 	EXP 	Imported no_quotes.xlsx as conditions, 31 conditions, 1 params
13.6177 	EXP 	Created sequence: random, trialTypes=31, nReps=1, seed=None
13.6182 	EXP 	New trial (rep=0, index=0): {'stimulus': 'stimuli copy/daniela-cuevas-t7YycgAoVSw-unsplash.jpeg'}
14.0900 	DATA 	Keypress: f
14.0986 	WARNING 	t of last frame was 500.73ms (=1/1)
14.0986 	EXP 	text: autoDraw = False
14.0986 	EXP 	image: image = 'stimuli copy/daniela-cuevas-t7YycgAoVSw-unsplash.jpeg'
14.0986 	EXP 	image: autoDraw = True
14.5326 	DATA 	Mouse: Right button down, pos=(711,460)
14.7251 	DATA 	Mouse:  Right button up, pos=(711,460)
15.3598 	DATA 	Mouse: Left button down, pos=(743,449)
15.3780 	EXP 	image: autoDraw = False
15.3780 	EXP 	text_2: autoDraw = True
15.4942 	DATA 	Mouse:  Left button up, pos=(743,449)
15.7260 	WARNING 	t of last frame was 27.48ms (=1/36)
16.8658 	EXP 	New trial (rep=0, index=1): {'stimulus': 'stimuli copy/long-truong-vRepMA0VQ54-unsplash.jpeg'}
17.1816 	WARNING 	t of last frame was 317.19ms (=1/3)
17.1816 	EXP 	text_2: autoDraw = False
17.1816 	EXP 	text_2: autoDraw = False
17.1816 	EXP 	image: image = 'stimuli copy/long-truong-vRepMA0VQ54-unsplash.jpeg'
17.1816 	EXP 	image: autoDraw = True
17.6595 	DATA 	Mouse: Left button down, pos=(863,578)
17.6698 	EXP 	image: autoDraw = False
17.6698 	EXP 	text_2: autoDraw = True
17.8664 	DATA 	Mouse:  Left button up, pos=(863,578)
19.1345 	DATA 	Keypress: escape
19.1582 	EXP 	New trial (rep=0, index=2): {'stimulus': 'stimuli copy/jack-b-JYZYRF0j_Uc-unsplash.jpeg'}
19.4138 	EXP 	window1: mouseVisible = True
