1.0192 	WARNING 	We strongly recommend you activate the PTB sound engine in PsychoPy prefs as the preferred audio engine. Its timing is vastly superior. Your prefs are currently set to use ['sounddevice', 'PTB', 'pyo', 'pygame'] (in that order).
9.8409 	WARNING 	Couldn't measure a consistent frame rate.
  - Is your graphics card set to sync to vertical blank?
  - Are you running other processes on your computer?

9.8423 	EXP 	Created window1 = Window(allowGUI=False, allowStencil=False, autoLog=True, backendConf=UNKNOWN, bitsMode=UNKNOWN, blendMode='avg', bpc=(8, 8, 8), color=array([0, 0, 0]), colorSpace='rgb', depthBits=8, fullscr=<method-wrapper '__getattribute__' of attributeSetter object at 0x7fbeafddca90>, gamma=None, gammaErrorPolicy='raise', lms=UNKNOWN, monitor=<psychopy.monitors.calibTools.Monitor object at 0x7fbeaf64a908>, multiSample=False, name='window1', numSamples=2, pos=[360.0, 225.0], screen=0, size=array([2880, 1800]), stencilBits=0, stereo=False, units='pix', useFBO=True, useRetina=True, viewOri=0.0, viewPos=None, viewScale=None, waitBlanking=True, winType='pyglet')
9.8431 	EXP 	window1: mouseVisible = True
9.8433 	EXP 	window1: recordFrameIntervals = False
9.9231 	EXP 	window1: recordFrameIntervals = True
10.7839 	WARNING 	Couldn't measure a consistent frame rate.
  - Is your graphics card set to sync to vertical blank?
  - Are you running other processes on your computer?

12.8349 	EXP 	Created text = TextStim(__class__=<class 'psychopy.visual.text.TextStim'>, alignHoriz=method-wrapper(...), alignText='center', alignVert=method-wrapper(...), anchorHoriz='center', anchorVert='center', antialias=True, autoLog=True, bold=False, color=array([1., 1., 1.]), colorSpace='rgb', contrast=1.0, depth=0.0, flipHoriz=False, flipVert=False, font='Open Sans', fontFiles=[], height=0.05, italic=False, languageStyle='LTR', name='text', opacity=1, ori=0.0, pos=array([0., 0.]), rgb=UNKNOWN, text=str(...), units='pix', win=Window(...), wrapWidth=500)
13.3516 	EXP 	Created image = ImageStim(__class__=<class 'psychopy.visual.image.ImageStim'>, autoLog=True, color=array([1., 1., 1.]), colorSpace='rgb', contrast=1.0, depth=0.0, flipHoriz=False, flipVert=False, image='sin', interpolate=True, mask=None, maskParams=None, name='image', opacity=1, ori=0.0, pos=array([0., 0.]), size=array([224., 224.]), texRes=128.0, units='pix', win=Window(...))
13.3519 	EXP 	window1: mouseVisible = True
13.3661 	WARNING 	t of last frame was 2582.62ms (=1/0)
13.3661 	EXP 	text: autoDraw = True
13.4160 	WARNING 	t of last frame was 20.44ms (=1/48)
15.3356 	EXP 	Imported no_quotes.xlsx as conditions, 31 conditions, 1 params
15.3382 	EXP 	Created sequence: random, trialTypes=31, nReps=1, seed=None
15.3384 	EXP 	New trial (rep=0, index=0): {'stimulus': 'stimuli copy/james-haworth-Hm7BtNRT6eE-unsplash.jpeg'}
15.5942 	DATA 	Keypress: j
15.6006 	WARNING 	t of last frame was 277.09ms (=1/3)
15.6006 	EXP 	text: autoDraw = False
15.6006 	EXP 	image: image = 'stimuli copy/james-haworth-Hm7BtNRT6eE-unsplash.jpeg'
15.6006 	EXP 	image: autoDraw = True
16.8523 	DATA 	Mouse: Left button down, pos=(728,478)
16.8639 	EXP 	New trial (rep=0, index=1): {'stimulus': 'stimuli copy/chuttersnap-6ELMRvIuJ1g-unsplash.jpeg'}
17.2466 	DATA 	Mouse:  Left button up, pos=(728,478)
17.2518 	WARNING 	t of last frame was 394.01ms (=1/2)
17.2518 	EXP 	image: autoDraw = False
17.2518 	EXP 	image: image = 'stimuli copy/chuttersnap-6ELMRvIuJ1g-unsplash.jpeg'
17.2518 	EXP 	image: autoDraw = True
18.5027 	DATA 	Mouse: Left button down, pos=(718,512)
18.5127 	EXP 	New trial (rep=0, index=2): {'stimulus': 'stimuli copy/eberhard-grossgasteiger-fTlXjG24mQ0-unsplash.jpeg'}
18.8438 	DATA 	Mouse:  Left button up, pos=(718,512)
18.8493 	WARNING 	Multiple dropped frames have occurred - I'll stop bothering you about them!
18.8492 	EXP 	image: autoDraw = False
18.8492 	EXP 	image: image = 'stimuli copy/eberhard-grossgasteiger-fTlXjG24mQ0-unsplash.jpeg'
18.8492 	EXP 	image: autoDraw = True
21.2193 	DATA 	Mouse: Left button down, pos=(699,412)
21.2253 	EXP 	New trial (rep=0, index=3): {'stimulus': 'stimuli copy/jared-rice-WbOn78k-ywU-unsplash.jpeg'}
21.6374 	DATA 	Mouse:  Left button up, pos=(699,412)
21.6433 	EXP 	image: autoDraw = False
21.6433 	EXP 	image: image = 'stimuli copy/jared-rice-WbOn78k-ywU-unsplash.jpeg'
21.6433 	EXP 	image: autoDraw = True
23.0518 	DATA 	Mouse: Left button down, pos=(720,409)
23.0547 	EXP 	New trial (rep=0, index=4): {'stimulus': 'stimuli copy/anthony-intraversato-xr43RescWSA-unsplash.jpeg'}
23.3341 	DATA 	Mouse:  Left button up, pos=(720,409)
23.3394 	EXP 	image: autoDraw = False
23.3394 	EXP 	image: image = 'stimuli copy/anthony-intraversato-xr43RescWSA-unsplash.jpeg'
23.3394 	EXP 	image: autoDraw = True
24.9033 	DATA 	Mouse: Left button down, pos=(763,463)
24.9103 	EXP 	New trial (rep=0, index=5): {'stimulus': 'stimuli copy/daniela-cuevas-t7YycgAoVSw-unsplash.jpeg'}
25.2406 	DATA 	Mouse:  Left button up, pos=(763,463)
25.2457 	EXP 	image: autoDraw = False
25.2457 	EXP 	image: image = 'stimuli copy/daniela-cuevas-t7YycgAoVSw-unsplash.jpeg'
25.2457 	EXP 	image: autoDraw = True
26.6539 	DATA 	Mouse: Left button down, pos=(746,473)
26.6625 	EXP 	New trial (rep=0, index=6): {'stimulus': 'stimuli copy/marek-mucha-PfmNfCXcrdw-unsplash.jpeg'}
26.9227 	DATA 	Mouse:  Left button up, pos=(746,473)
26.9277 	EXP 	image: autoDraw = False
26.9277 	EXP 	image: image = 'stimuli copy/marek-mucha-PfmNfCXcrdw-unsplash.jpeg'
26.9277 	EXP 	image: autoDraw = True
28.3861 	DATA 	Mouse: Left button down, pos=(761,471)
28.3954 	EXP 	New trial (rep=0, index=7): {'stimulus': 'stimuli copy/drew-farwell-ScLYGfuCqQg-unsplash.jpeg'}
28.5146 	DATA 	Mouse:  Left button up, pos=(761,471)
28.5197 	EXP 	image: autoDraw = False
28.5197 	EXP 	image: image = 'stimuli copy/drew-farwell-ScLYGfuCqQg-unsplash.jpeg'
28.5197 	EXP 	image: autoDraw = True
29.5526 	DATA 	Mouse: Left button down, pos=(793,446)
29.5614 	EXP 	New trial (rep=0, index=8): {'stimulus': 'stimuli copy/daniel-mirlea-w4lzk2_Yasc-unsplash.jpeg'}
30.0788 	DATA 	Mouse:  Left button up, pos=(793,446)
30.0847 	EXP 	image: autoDraw = False
30.0847 	EXP 	image: image = 'stimuli copy/daniel-mirlea-w4lzk2_Yasc-unsplash.jpeg'
30.0847 	EXP 	image: autoDraw = True
31.0859 	DATA 	Mouse: Left button down, pos=(689,498)
31.0898 	EXP 	New trial (rep=0, index=9): {'stimulus': 'stimuli copy/jack-b-JYZYRF0j_Uc-unsplash.jpeg'}
31.3665 	DATA 	Mouse:  Left button up, pos=(689,498)
31.3716 	EXP 	image: autoDraw = False
31.3716 	EXP 	image: image = 'stimuli copy/jack-b-JYZYRF0j_Uc-unsplash.jpeg'
31.3716 	EXP 	image: autoDraw = True
32.5323 	DATA 	Keypress: escape
32.6990 	EXP 	window1: mouseVisible = True
