1.2834 	WARNING 	We strongly recommend you activate the PTB sound engine in PsychoPy prefs as the preferred audio engine. Its timing is vastly superior. Your prefs are currently set to use ['sounddevice', 'PTB', 'pyo', 'pygame'] (in that order).
8.9893 	EXP 	Created window1 = Window(allowGUI=False, allowStencil=False, autoLog=True, backendConf=UNKNOWN, bitsMode=UNKNOWN, blendMode='avg', bpc=(8, 8, 8), color=array([0, 0, 0]), colorSpace='rgb', depthBits=8, fullscr=<method-wrapper '__getattribute__' of attributeSetter object at 0x7ff129582ac8>, gamma=None, gammaErrorPolicy='raise', lms=UNKNOWN, monitor=<psychopy.monitors.calibTools.Monitor object at 0x7ff17d11cb70>, multiSample=False, name='window1', numSamples=2, pos=[360.0, 225.0], screen=0, size=array([2880, 1800]), stencilBits=0, stereo=False, units='pix', useFBO=True, useRetina=True, viewOri=0.0, viewPos=None, viewScale=None, waitBlanking=True, winType='pyglet')
8.9914 	EXP 	window1: mouseVisible = True
8.9916 	EXP 	window1: recordFrameIntervals = False
9.1338 	EXP 	window1: recordFrameIntervals = True
10.1062 	WARNING 	Couldn't measure a consistent frame rate.
  - Is your graphics card set to sync to vertical blank?
  - Are you running other processes on your computer?

12.4901 	EXP 	Created text = TextStim(__class__=<class 'psychopy.visual.text.TextStim'>, alignHoriz=method-wrapper(...), alignText='center', alignVert=method-wrapper(...), anchorHoriz='center', anchorVert='center', antialias=True, autoLog=True, bold=False, color=array([1., 1., 1.]), colorSpace='rgb', contrast=1.0, depth=0.0, flipHoriz=False, flipVert=False, font='Open Sans', fontFiles=[], height=24.0, italic=False, languageStyle='LTR', name='text', opacity=1, ori=0.0, pos=array([0., 0.]), rgb=UNKNOWN, text=str(...), units='pix', win=Window(...), wrapWidth=500)
13.0167 	EXP 	Created image = ImageStim(__class__=<class 'psychopy.visual.image.ImageStim'>, autoLog=True, color=array([1., 1., 1.]), colorSpace='rgb', contrast=1.0, depth=0.0, flipHoriz=False, flipVert=False, image='sin', interpolate=True, mask=None, maskParams=None, name='image', opacity=1, ori=0.0, pos=array([0., 0.]), size=array([224., 224.]), texRes=128.0, units='pix', win=Window(...))
13.0169 	EXP 	window1: mouseVisible = True
13.0182 	EXP 	Created text_2 = TextStim(__class__=<class 'psychopy.visual.text.TextStim'>, alignHoriz=method-wrapper(...), alignText='center', alignVert=method-wrapper(...), anchorHoriz='center', anchorVert='center', antialias=True, autoLog=True, bold=False, color=array([1., 1., 1.]), colorSpace='rgb', contrast=1.0, depth=0.0, flipHoriz=False, flipVert=False, font='Open Sans', fontFiles=[], height=1.0, italic=False, languageStyle='LTR', name='text_2', opacity=1, ori=0.0, pos=array([0., 0.]), rgb=UNKNOWN, text='', units='pix', win=Window(...), wrapWidth=500)
13.0566 	WARNING 	t of last frame was 2950.57ms (=1/0)
13.0566 	EXP 	text: autoDraw = True
13.0995 	WARNING 	t of last frame was 29.83ms (=1/33)
14.4830 	WARNING 	t of last frame was 24.54ms (=1/40)
14.7060 	EXP 	Imported no_quotes.xlsx as conditions, 31 conditions, 1 params
14.7137 	EXP 	Created sequence: random, trialTypes=31, nReps=1, seed=None
14.7141 	EXP 	New trial (rep=0, index=0): {'stimulus': 'stimuli copy/daniel-mirlea-w4lzk2_Yasc-unsplash.jpeg'}
15.2791 	DATA 	Keypress: j
15.2868 	WARNING 	t of last frame was 598.20ms (=1/1)
15.2868 	EXP 	text: autoDraw = False
15.2868 	EXP 	image: image = 'stimuli copy/daniel-mirlea-w4lzk2_Yasc-unsplash.jpeg'
15.2868 	EXP 	image: autoDraw = True
16.6351 	DATA 	Mouse: Left button down, pos=(694,469)
16.6521 	EXP 	image: autoDraw = False
16.6521 	EXP 	text_2: autoDraw = True
16.7195 	DATA 	Mouse:  Left button up, pos=(694,469)
17.7109 	DATA 	Keypress: escape
17.7163 	WARNING 	Multiple dropped frames have occurred - I'll stop bothering you about them!
17.7731 	EXP 	window1: mouseVisible = True
