2.8057 	WARNING 	We strongly recommend you activate the PTB sound engine in PsychoPy prefs as the preferred audio engine. Its timing is vastly superior. Your prefs are currently set to use ['sounddevice', 'PTB', 'pyo', 'pygame'] (in that order).
10.7180 	EXP 	Created window1 = Window(allowGUI=False, allowStencil=False, autoLog=True, backendConf=UNKNOWN, bitsMode=UNKNOWN, blendMode='avg', bpc=(8, 8, 8), color=array([0, 0, 0]), colorSpace='rgb', depthBits=8, fullscr=<method-wrapper '__getattribute__' of attributeSetter object at 0x7fb976d84ac8>, gamma=None, gammaErrorPolicy='raise', lms=UNKNOWN, monitor=<psychopy.monitors.calibTools.Monitor object at 0x7fb9768f5b00>, multiSample=False, name='window1', numSamples=2, pos=[360.0, 225.0], screen=0, size=array([2880, 1800]), stencilBits=0, stereo=False, units='pix', useFBO=True, useRetina=True, viewOri=0.0, viewPos=None, viewScale=None, waitBlanking=True, winType='pyglet')
10.7196 	EXP 	window1: mouseVisible = True
10.7198 	EXP 	window1: recordFrameIntervals = False
10.8015 	EXP 	window1: recordFrameIntervals = True
11.2968 	EXP 	window1: recordFrameIntervals = False
13.5667 	EXP 	Created text = TextStim(__class__=<class 'psychopy.visual.text.TextStim'>, alignHoriz=method-wrapper(...), alignText='center', alignVert=method-wrapper(...), anchorHoriz='center', anchorVert='center', antialias=True, autoLog=True, bold=False, color=array([1., 1., 1.]), colorSpace='rgb', contrast=1.0, depth=0.0, flipHoriz=False, flipVert=False, font='Open Sans', fontFiles=[], height=16.0, italic=False, languageStyle='LTR', name='text', opacity=1, ori=0.0, pos=array([0., 0.]), rgb=UNKNOWN, text=str(...), units='pix', win=Window(...), wrapWidth=500)
14.0919 	EXP 	Created image = ImageStim(__class__=<class 'psychopy.visual.image.ImageStim'>, autoLog=True, color=array([1., 1., 1.]), colorSpace='rgb', contrast=1.0, depth=0.0, flipHoriz=False, flipVert=False, image='sin', interpolate=True, mask=None, maskParams=None, name='image', opacity=1, ori=0.0, pos=array([0., 0.]), size=array([224., 224.]), texRes=128.0, units='pix', win=Window(...))
14.0921 	EXP 	window1: mouseVisible = True
14.0934 	EXP 	Created text_2 = TextStim(__class__=<class 'psychopy.visual.text.TextStim'>, alignHoriz=method-wrapper(...), alignText='center', alignVert=method-wrapper(...), anchorHoriz='center', anchorVert='center', antialias=True, autoLog=True, bold=False, color=array([1., 1., 1.]), colorSpace='rgb', contrast=1.0, depth=0.0, flipHoriz=False, flipVert=False, font='Open Sans', fontFiles=[], height=1.0, italic=False, languageStyle='LTR', name='text_2', opacity=1, ori=0.0, pos=array([0., 0.]), rgb=UNKNOWN, text='', units='pix', win=Window(...), wrapWidth=500)
14.1090 	EXP 	text: autoDraw = True
15.5398 	EXP 	Imported no_quotes.xlsx as conditions, 31 conditions, 1 params
15.5442 	EXP 	Created sequence: random, trialTypes=31, nReps=1, seed=None
15.5444 	EXP 	New trial (rep=0, index=0): {'stimulus': 'stimuli copy/marek-mucha-PfmNfCXcrdw-unsplash.jpeg'}
15.9078 	DATA 	Keypress: j
15.9181 	EXP 	text: autoDraw = False
15.9181 	EXP 	image: image = 'stimuli copy/marek-mucha-PfmNfCXcrdw-unsplash.jpeg'
15.9181 	EXP 	image: autoDraw = True
16.6314 	DATA 	Mouse: Left button down, pos=(749,478)
16.6617 	EXP 	image: autoDraw = False
16.6617 	EXP 	text_2: autoDraw = True
16.7493 	DATA 	Mouse:  Left button up, pos=(749,478)
18.1470 	EXP 	New trial (rep=0, index=1): {'stimulus': 'stimuli copy/dave-hoefler-oi65oz2xNag-unsplash.jpeg'}
18.4687 	EXP 	text_2: autoDraw = False
18.4687 	EXP 	text_2: autoDraw = False
18.4687 	EXP 	image: image = 'stimuli copy/dave-hoefler-oi65oz2xNag-unsplash.jpeg'
18.4687 	EXP 	image: autoDraw = True
19.2190 	DATA 	Mouse: Left button down, pos=(716,429)
19.2275 	EXP 	image: autoDraw = False
19.2275 	EXP 	text_2: autoDraw = True
19.3483 	DATA 	Mouse:  Left button up, pos=(716,429)
20.3515 	DATA 	Keypress: escape
20.5013 	EXP 	window1: mouseVisible = True
