1.1936 	WARNING 	We strongly recommend you activate the PTB sound engine in PsychoPy prefs as the preferred audio engine. Its timing is vastly superior. Your prefs are currently set to use ['sounddevice', 'PTB', 'pyo', 'pygame'] (in that order).
7.7422 	WARNING 	Couldn't measure a consistent frame rate.
  - Is your graphics card set to sync to vertical blank?
  - Are you running other processes on your computer?

7.7450 	EXP 	Created window1 = Window(allowGUI=False, allowStencil=False, autoLog=True, backendConf=UNKNOWN, bitsMode=UNKNOWN, blendMode='avg', bpc=(8, 8, 8), color=array([0, 0, 0]), colorSpace='rgb', depthBits=8, fullscr=<method-wrapper '__getattribute__' of attributeSetter object at 0x7f99aa295b00>, gamma=None, gammaErrorPolicy='raise', lms=UNKNOWN, monitor=<psychopy.monitors.calibTools.Monitor object at 0x7f99761cdbe0>, multiSample=False, name='window1', numSamples=2, pos=[360.0, 225.0], screen=0, size=array([2880, 1800]), stencilBits=0, stereo=False, units='pix', useFBO=True, useRetina=True, viewOri=0.0, viewPos=None, viewScale=None, waitBlanking=True, winType='pyglet')
7.7454 	EXP 	window1: mouseVisible = True
7.7455 	EXP 	window1: recordFrameIntervals = False
7.8254 	EXP 	window1: recordFrameIntervals = True
8.6758 	WARNING 	Couldn't measure a consistent frame rate.
  - Is your graphics card set to sync to vertical blank?
  - Are you running other processes on your computer?

11.6294 	EXP 	Created text = TextStim(__class__=<class 'psychopy.visual.text.TextStim'>, alignHoriz=method-wrapper(...), alignText='center', alignVert=method-wrapper(...), anchorHoriz='center', anchorVert='center', antialias=True, autoLog=True, bold=False, color=array([1., 1., 1.]), colorSpace='rgb', contrast=1.0, depth=0.0, flipHoriz=False, flipVert=False, font='Open Sans', fontFiles=[], height=24.0, italic=False, languageStyle='LTR', name='text', opacity=1, ori=0.0, pos=array([0., 0.]), rgb=UNKNOWN, text=str(...), units='pix', win=Window(...), wrapWidth=500)
12.1952 	EXP 	Created image = ImageStim(__class__=<class 'psychopy.visual.image.ImageStim'>, autoLog=True, color=array([1., 1., 1.]), colorSpace='rgb', contrast=1.0, depth=0.0, flipHoriz=False, flipVert=False, image='sin', interpolate=True, mask=None, maskParams=None, name='image', opacity=1, ori=0.0, pos=array([0., 0.]), size=array([500., 500.]), texRes=128.0, units='pix', win=Window(...))
12.1954 	EXP 	window1: mouseVisible = True
12.1967 	EXP 	Created text_2 = TextStim(__class__=<class 'psychopy.visual.text.TextStim'>, alignHoriz=method-wrapper(...), alignText='center', alignVert=method-wrapper(...), anchorHoriz='center', anchorVert='center', antialias=True, autoLog=True, bold=False, color=array([1., 1., 1.]), colorSpace='rgb', contrast=1.0, depth=0.0, flipHoriz=False, flipVert=False, font='Open Sans', fontFiles=[], height=1.0, italic=False, languageStyle='LTR', name='text_2', opacity=1, ori=0.0, pos=array([0., 0.]), rgb=UNKNOWN, text='', units='pix', win=Window(...), wrapWidth=500)
12.2095 	WARNING 	t of last frame was 3534.07ms (=1/0)
12.2095 	EXP 	text: autoDraw = True
12.5560 	EXP 	Imported no_quotes.xlsx as conditions, 31 conditions, 1 params
12.5616 	EXP 	Created sequence: random, trialTypes=31, nReps=1, seed=None
12.5621 	EXP 	New trial (rep=0, index=0): {'stimulus': 'stimuli copy/jared-rice-WbOn78k-ywU-unsplash.jpeg'}
13.0031 	DATA 	Keypress: f
13.0120 	WARNING 	t of last frame was 475.54ms (=1/2)
13.0120 	EXP 	text: autoDraw = False
13.0120 	EXP 	image: image = 'stimuli copy/jared-rice-WbOn78k-ywU-unsplash.jpeg'
13.0120 	EXP 	image: autoDraw = True
13.5541 	DATA 	Mouse: Right button down, pos=(716,458)
13.7121 	DATA 	Mouse:  Right button up, pos=(716,458)
14.8045 	DATA 	Mouse: Left button down, pos=(718,358)
14.8389 	EXP 	window1: mouseVisible = True
